gnuplot 4.6 patchlevel 2
Aligning contigs to reference...
	Aligning contigs to the reference
Parsing coords...
Loading reference...
	Loaded [ENA_AAWO01000001_AAWO01000001.1_Leptospirillum_rubarum_LeptoII_Scaffold_7931_Cont1__whole_genome_shotgun_sequence.]
	Loaded [ENA_AAWO01000002_AAWO01000002.1_Leptospirillum_rubarum_LeptoII_Scaffold_7931_Cont2__whole_genome_shotgun_sequence.]
	Loaded [ENA_AAWO01000003_AAWO01000003.1_Leptospirillum_rubarum_LeptoII_Scaffold_7931_Cont3__whole_genome_shotgun_sequence.]
	Loaded [ENA_AAWO01000004_AAWO01000004.1_Leptospirillum_rubarum_LeptoII_Scaffold_7931_Cont4__whole_genome_shotgun_sequence.]
	Loaded [ENA_AAWO01000005_AAWO01000005.1_Leptospirillum_rubarum_LeptoII_Scaffold_7931_Cont5__whole_genome_shotgun_sequence.]
	Loaded [ENA_AAWO01000006_AAWO01000006.1_Leptospirillum_rubarum_LeptoII_Scaffold_7931_Cont6__whole_genome_shotgun_sequence.]
	Loaded [ENA_AAWO01000007_AAWO01000007.1_Leptospirillum_rubarum_LeptoII_Scaffold_7931_Cont7__whole_genome_shotgun_sequence.]
	Loaded [ENA_AAWO01000008_AAWO01000008.1_Leptospirillum_rubarum_LeptoII_Scaffold_7931_Cont8__whole_genome_shotgun_sequence.]
	Loaded [ENA_AAWO01000009_AAWO01000009.1_Leptospirillum_rubarum_LeptoII_Scaffold_7931_Cont9__whole_genome_shotgun_sequence.]
	Loaded [ENA_AAWO01000010_AAWO01000010.1_Leptospirillum_rubarum_LeptoII_Scaffold_7931_Cont10__whole_genome_shotgun_sequence.]
	Loaded [ENA_AAWO01000011_AAWO01000011.1_Leptospirillum_rubarum_LeptoII_Scaffold_7931_Cont11__whole_genome_shotgun_sequence.]
	Loaded [ENA_AAWO01000012_AAWO01000012.1_Leptospirillum_rubarum_LeptoII_Scaffold_7931_Cont12__whole_genome_shotgun_sequence.]
	Loaded [ENA_AAWO01000013_AAWO01000013.1_Leptospirillum_rubarum_LeptoII_Scaffold_7931_Cont13__whole_genome_shotgun_sequence.]
	Loaded [ENA_AAWO01000014_AAWO01000014.1_Leptospirillum_rubarum_LeptoII_Scaffold_7931_Cont14__whole_genome_shotgun_sequence.]
	Loaded [ENA_AAWO01000015_AAWO01000015.1_Leptospirillum_rubarum_LeptoII_Scaffold_8027_Cont15__whole_genome_shotgun_sequence.]
	Loaded [ENA_AAWO01000016_AAWO01000016.1_Leptospirillum_rubarum_LeptoII_Scaffold_8027_Cont16__whole_genome_shotgun_sequence.]
	Loaded [ENA_AAWO01000017_AAWO01000017.1_Leptospirillum_rubarum_LeptoII_Scaffold_8049_Cont17__whole_genome_shotgun_sequence.]
	Loaded [ENA_AAWO01000018_AAWO01000018.1_Leptospirillum_rubarum_LeptoII_Scaffold_8049_Cont18__whole_genome_shotgun_sequence.]
	Loaded [ENA_AAWO01000019_AAWO01000019.1_Leptospirillum_rubarum_LeptoII_Scaffold_8049_Cont19__whole_genome_shotgun_sequence.]
	Loaded [ENA_AAWO01000020_AAWO01000020.1_Leptospirillum_rubarum_LeptoII_Scaffold_8049_Cont20__whole_genome_shotgun_sequence.]
	Loaded [ENA_AAWO01000021_AAWO01000021.1_Leptospirillum_rubarum_LeptoII_Scaffold_8049_Cont21__whole_genome_shotgun_sequence.]
	Loaded [ENA_AAWO01000022_AAWO01000022.1_Leptospirillum_rubarum_LeptoII_Scaffold_8049_Cont22__whole_genome_shotgun_sequence.]
	Loaded [ENA_AAWO01000023_AAWO01000023.1_Leptospirillum_rubarum_LeptoII_Scaffold_8049_Cont23__whole_genome_shotgun_sequence.]
	Loaded [ENA_AAWO01000024_AAWO01000024.1_Leptospirillum_rubarum_LeptoII_Scaffold_8049_Cont24__whole_genome_shotgun_sequence.]
	Loaded [ENA_AAWO01000025_AAWO01000025.1_Leptospirillum_rubarum_LeptoII_Scaffold_8049_Cont25__whole_genome_shotgun_sequence.]
	Loaded [ENA_AAWO01000026_AAWO01000026.1_Leptospirillum_rubarum_LeptoII_Scaffold_8049_Cont26__whole_genome_shotgun_sequence.]
	Loaded [ENA_AAWO01000027_AAWO01000027.1_Leptospirillum_rubarum_LeptoII_Scaffold_8049_Cont27__whole_genome_shotgun_sequence.]
	Loaded [ENA_AAWO01000028_AAWO01000028.1_Leptospirillum_rubarum_LeptoII_Scaffold_8049_Cont28__whole_genome_shotgun_sequence.]
	Loaded [ENA_AAWO01000029_AAWO01000029.1_Leptospirillum_rubarum_LeptoII_Scaffold_8049_Cont29__whole_genome_shotgun_sequence.]
	Loaded [ENA_AAWO01000030_AAWO01000030.1_Leptospirillum_rubarum_LeptoII_Scaffold_8049_Cont30__whole_genome_shotgun_sequence.]
	Loaded [ENA_AAWO01000031_AAWO01000031.1_Leptospirillum_rubarum_LeptoII_Scaffold_8049_Cont31__whole_genome_shotgun_sequence.]
	Loaded [ENA_AAWO01000032_AAWO01000032.1_Leptospirillum_rubarum_LeptoII_Scaffold_8049_Cont32__whole_genome_shotgun_sequence.]
	Loaded [ENA_AAWO01000033_AAWO01000033.1_Leptospirillum_rubarum_LeptoII_Scaffold_8049_Cont33__whole_genome_shotgun_sequence.]
	Loaded [ENA_AAWO01000034_AAWO01000034.1_Leptospirillum_rubarum_LeptoII_Scaffold_8049_Cont34__whole_genome_shotgun_sequence.]
	Loaded [ENA_AAWO01000035_AAWO01000035.1_Leptospirillum_rubarum_LeptoII_Scaffold_8049_Cont35__whole_genome_shotgun_sequence.]
	Loaded [ENA_AAWO01000036_AAWO01000036.1_Leptospirillum_rubarum_LeptoII_Scaffold_8049_Cont36__whole_genome_shotgun_sequence.]
	Loaded [ENA_AAWO01000037_AAWO01000037.1_Leptospirillum_rubarum_LeptoII_Scaffold_8049_Cont37__whole_genome_shotgun_sequence.]
	Loaded [ENA_AAWO01000038_AAWO01000038.1_Leptospirillum_rubarum_LeptoII_Scaffold_8049_Cont38__whole_genome_shotgun_sequence.]
	Loaded [ENA_AAWO01000039_AAWO01000039.1_Leptospirillum_rubarum_LeptoII_Scaffold_8049_Cont39__whole_genome_shotgun_sequence.]
	Loaded [ENA_AAWO01000040_AAWO01000040.1_Leptospirillum_rubarum_LeptoII_Scaffold_8062_Cont40__whole_genome_shotgun_sequence.]
	Loaded [ENA_AAWO01000041_AAWO01000041.1_Leptospirillum_rubarum_LeptoII_Scaffold_8062_Cont41__whole_genome_shotgun_sequence.]
	Loaded [ENA_AAWO01000042_AAWO01000042.1_Leptospirillum_rubarum_LeptoII_Scaffold_8062_Cont42__whole_genome_shotgun_sequence.]
	Loaded [ENA_AAWO01000043_AAWO01000043.1_Leptospirillum_rubarum_LeptoII_Scaffold_8062_Cont43__whole_genome_shotgun_sequence.]
	Loaded [ENA_AAWO01000044_AAWO01000044.1_Leptospirillum_rubarum_LeptoII_Scaffold_8062_Cont44__whole_genome_shotgun_sequence.]
	Loaded [ENA_AAWO01000045_AAWO01000045.1_Leptospirillum_rubarum_LeptoII_Scaffold_8062_Cont45__whole_genome_shotgun_sequence.]
	Loaded [ENA_AAWO01000046_AAWO01000046.1_Leptospirillum_rubarum_LeptoII_Scaffold_8062_Cont46__whole_genome_shotgun_sequence.]
	Loaded [ENA_AAWO01000047_AAWO01000047.1_Leptospirillum_rubarum_LeptoII_Scaffold_8062_Cont47__whole_genome_shotgun_sequence.]
	Loaded [ENA_AAWO01000048_AAWO01000048.1_Leptospirillum_rubarum_LeptoII_Scaffold_8062_Cont48__whole_genome_shotgun_sequence.]
	Loaded [ENA_AAWO01000049_AAWO01000049.1_Leptospirillum_rubarum_LeptoII_Scaffold_8062_Cont49__whole_genome_shotgun_sequence.]
	Loaded [ENA_AAWO01000050_AAWO01000050.1_Leptospirillum_rubarum_LeptoII_Scaffold_8062_Cont50__whole_genome_shotgun_sequence.]
	Loaded [ENA_AAWO01000051_AAWO01000051.1_Leptospirillum_rubarum_LeptoII_Scaffold_8062_Cont51__whole_genome_shotgun_sequence.]
	Loaded [ENA_AAWO01000052_AAWO01000052.1_Leptospirillum_rubarum_LeptoII_Scaffold_8062_Cont52__whole_genome_shotgun_sequence.]
	Loaded [ENA_AAWO01000053_AAWO01000053.1_Leptospirillum_rubarum_LeptoII_Scaffold_8062_Cont53__whole_genome_shotgun_sequence.]
	Loaded [ENA_AAWO01000054_AAWO01000054.1_Leptospirillum_rubarum_LeptoII_Scaffold_8062_Cont54__whole_genome_shotgun_sequence.]
	Loaded [ENA_AAWO01000055_AAWO01000055.1_Leptospirillum_rubarum_LeptoII_Scaffold_8135_Cont55__whole_genome_shotgun_sequence.]
	Loaded [ENA_AAWO01000056_AAWO01000056.1_Leptospirillum_rubarum_LeptoII_Scaffold_8135_Cont56__whole_genome_shotgun_sequence.]
	Loaded [ENA_AAWO01000057_AAWO01000057.1_Leptospirillum_rubarum_LeptoII_Scaffold_8241_Cont57__whole_genome_shotgun_sequence.]
	Loaded [ENA_AAWO01000058_AAWO01000058.1_Leptospirillum_rubarum_LeptoII_Scaffold_8241_Cont58__whole_genome_shotgun_sequence.]
	Loaded [ENA_AAWO01000059_AAWO01000059.1_Leptospirillum_rubarum_LeptoII_Scaffold_8241_Cont59__whole_genome_shotgun_sequence.]
	Loaded [ENA_AAWO01000060_AAWO01000060.1_Leptospirillum_rubarum_LeptoII_Scaffold_8241_Cont60__whole_genome_shotgun_sequence.]
	Loaded [ENA_AAWO01000061_AAWO01000061.1_Leptospirillum_rubarum_LeptoII_Scaffold_8241_Cont61__whole_genome_shotgun_sequence.]
	Loaded [ENA_AAWO01000062_AAWO01000062.1_Leptospirillum_rubarum_LeptoII_Scaffold_8241_Cont62__whole_genome_shotgun_sequence.]
	Loaded [ENA_AAWO01000063_AAWO01000063.1_Leptospirillum_rubarum_LeptoII_Scaffold_8241_Cont63__whole_genome_shotgun_sequence.]
	Loaded [ENA_AAWO01000064_AAWO01000064.1_Leptospirillum_rubarum_LeptoII_Scaffold_8241_Cont64__whole_genome_shotgun_sequence.]
	Loaded [ENA_AAWO01000065_AAWO01000065.1_Leptospirillum_rubarum_LeptoII_Scaffold_8241_Cont65__whole_genome_shotgun_sequence.]
	Loaded [ENA_AAWO01000066_AAWO01000066.1_Leptospirillum_rubarum_LeptoII_Scaffold_8241_Cont66__whole_genome_shotgun_sequence.]
	Loaded [ENA_AAWO01000067_AAWO01000067.1_Leptospirillum_rubarum_LeptoII_Scaffold_8241_Cont67__whole_genome_shotgun_sequence.]
	Loaded [ENA_AAWO01000068_AAWO01000068.1_Leptospirillum_rubarum_LeptoII_Scaffold_8241_Cont68__whole_genome_shotgun_sequence.]
	Loaded [ENA_AAWO01000069_AAWO01000069.1_Leptospirillum_rubarum_LeptoII_Scaffold_8524_Cont69__whole_genome_shotgun_sequence.]
	Loaded [ENA_AAWO01000070_AAWO01000070.1_Leptospirillum_rubarum_LeptoII_Scaffold_8524_Cont70__whole_genome_shotgun_sequence.]
	Loaded [ENA_AAWO01000071_AAWO01000071.1_Leptospirillum_rubarum_LeptoII_Scaffold_8524_Cont71__whole_genome_shotgun_sequence.]
	Loaded [ENA_AAWO01000072_AAWO01000072.1_Leptospirillum_rubarum_LeptoII_Scaffold_8524_Cont72__whole_genome_shotgun_sequence.]
	Loaded [ENA_AAWO01000073_AAWO01000073.1_Leptospirillum_rubarum_LeptoII_Scaffold_8524_Cont73__whole_genome_shotgun_sequence.]
	Loaded [ENA_AAWO01000074_AAWO01000074.1_Leptospirillum_rubarum_LeptoII_Scaffold_8524_Cont74__whole_genome_shotgun_sequence.]
	Loaded [ENA_AAWO01000075_AAWO01000075.1_Leptospirillum_rubarum_LeptoII_Scaffold_8524_Cont75__whole_genome_shotgun_sequence.]
	Loaded [ENA_AAWO01000076_AAWO01000076.1_Leptospirillum_rubarum_LeptoII_Scaffold_8524_Cont76__whole_genome_shotgun_sequence.]
	Loaded [ENA_AAWO01000077_AAWO01000077.1_Leptospirillum_rubarum_LeptoII_Scaffold_8524_Cont77__whole_genome_shotgun_sequence.]
	Loaded [ENA_AAWO01000078_AAWO01000078.1_Leptospirillum_rubarum_LeptoII_Scaffold_8524_Cont78__whole_genome_shotgun_sequence.]
	Loaded [ENA_AAWO01000079_AAWO01000079.1_Leptospirillum_rubarum_LeptoII_Scaffold_8524_Cont79__whole_genome_shotgun_sequence.]
	Loaded [ENA_AAWO01000080_AAWO01000080.1_Leptospirillum_rubarum_LeptoII_Scaffold_8524_Cont80__whole_genome_shotgun_sequence.]
	Loaded [ENA_AAWO01000081_AAWO01000081.1_Leptospirillum_rubarum_LeptoII_Scaffold_8692_Cont81__whole_genome_shotgun_sequence.]
	Loaded [ENA_AAWO01000082_AAWO01000082.1_Leptospirillum_rubarum_LeptoII_Scaffold_8692_Cont82__whole_genome_shotgun_sequence.]
	Loaded [ENA_AAWO01000083_AAWO01000083.1_Leptospirillum_rubarum_LeptoII_Scaffold_8692_Cont83__whole_genome_shotgun_sequence.]
	Loaded [ENA_AAWO01000084_AAWO01000084.1_Leptospirillum_rubarum_LeptoII_Scaffold_8692_Cont84__whole_genome_shotgun_sequence.]
	Loaded [ENA_AAWO01000085_AAWO01000085.1_Leptospirillum_rubarum_LeptoII_Scaffold_8692_Cont85__whole_genome_shotgun_sequence.]
	Loaded [ENA_AAWO01000086_AAWO01000086.1_Leptospirillum_rubarum_LeptoII_Scaffold_8692_Cont86__whole_genome_shotgun_sequence.]
	Loaded [ENA_AAWO01000087_AAWO01000087.1_Leptospirillum_rubarum_LeptoII_Scaffold_8692_Cont87__whole_genome_shotgun_sequence.]
Loading SNPs...
	Total Regions: 87
	Total Region Length: 2632898
Analyzing contigs...
CONTIG: tig00000001_len_2577733_reads_5229_covStat_4991.44_gappedBases_no_class_contig_suggestRepeat_no_suggestCircular_no (2577733bp)
Best alignment score: 168435.9 (LEN: 176539, IDY: 95.41)
			Skipping redundant alignments after choosing the best set of alignments
		Skipping redundant alignment 73860 74654 | 793259 794054 | 795 796 | 97.11 | ENA_AAWO01000060_AAWO01000060.1_Leptospirillum_rubarum_LeptoII_Scaffold_8241_Cont60__whole_genome_shotgun_sequence. tig00000001_len_2577733_reads_5229_covStat_4991.44_gappedBases_no_class_contig_suggestRepeat_no_suggestCircular_no
		Skipping redundant alignment 1164 2004 | 793259 794100 | 841 842 | 96.67 | ENA_AAWO01000044_AAWO01000044.1_Leptospirillum_rubarum_LeptoII_Scaffold_8062_Cont44__whole_genome_shotgun_sequence. tig00000001_len_2577733_reads_5229_covStat_4991.44_gappedBases_no_class_contig_suggestRepeat_no_suggestCircular_no
		Skipping redundant alignment 3 910 | 794166 793258 | 908 909 | 96.92 | ENA_AAWO01000082_AAWO01000082.1_Leptospirillum_rubarum_LeptoII_Scaffold_8692_Cont82__whole_genome_shotgun_sequence. tig00000001_len_2577733_reads_5229_covStat_4991.44_gappedBases_no_class_contig_suggestRepeat_no_suggestCircular_no
		Skipping redundant alignment 1 847 | 794108 794951 | 847 844 | 96.46 | ENA_AAWO01000061_AAWO01000061.1_Leptospirillum_rubarum_LeptoII_Scaffold_8241_Cont61__whole_genome_shotgun_sequence. tig00000001_len_2577733_reads_5229_covStat_4991.44_gappedBases_no_class_contig_suggestRepeat_no_suggestCircular_no
		Skipping redundant alignment 20709 21540 | 794959 794131 | 832 829 | 96.27 | ENA_AAWO01000081_AAWO01000081.1_Leptospirillum_rubarum_LeptoII_Scaffold_8692_Cont81__whole_genome_shotgun_sequence. tig00000001_len_2577733_reads_5229_covStat_4991.44_gappedBases_no_class_contig_suggestRepeat_no_suggestCircular_no
		Skipping redundant alignment 860 1013 | 967909 967758 | 154 152 | 96.75 | ENA_AAWO01000061_AAWO01000061.1_Leptospirillum_rubarum_LeptoII_Scaffold_8241_Cont61__whole_genome_shotgun_sequence. tig00000001_len_2577733_reads_5229_covStat_4991.44_gappedBases_no_class_contig_suggestRepeat_no_suggestCircular_no
		Skipping redundant alignment 3 358 | 2259348 2259703 | 356 356 | 96.35 | ENA_AAWO01000082_AAWO01000082.1_Leptospirillum_rubarum_LeptoII_Scaffold_8692_Cont82__whole_genome_shotgun_sequence. tig00000001_len_2577733_reads_5229_covStat_4991.44_gappedBases_no_class_contig_suggestRepeat_no_suggestCircular_no
		Skipping redundant alignment 1715 2004 | 2259703 2259414 | 290 290 | 95.52 | ENA_AAWO01000044_AAWO01000044.1_Leptospirillum_rubarum_LeptoII_Scaffold_8062_Cont44__whole_genome_shotgun_sequence. tig00000001_len_2577733_reads_5229_covStat_4991.44_gappedBases_no_class_contig_suggestRepeat_no_suggestCircular_no
		This contig has several significant sets of alignments. [An ambiguously mapped contig]
		Using only the very best set (option --ambiguity-usage is set to "one").
			The best set is below. Score: 325964.9, number of alignments: 23, unaligned bases: 2235857
		This contig is misassembled. 31 total aligns.
			Warning! This contig is more unaligned than misassembled. Contig length is 2577733 and total length of all aligns is 341876
		Alignment: 785 13645 | 58096 45246 | 12861 12851 | 99.79 | ENA_AAWO01000035_AAWO01000035.1_Leptospirillum_rubarum_LeptoII_Scaffold_8049_Cont35__whole_genome_shotgun_sequence. tig00000001_len_2577733_reads_5229_covStat_4991.44_gappedBases_no_class_contig_suggestRepeat_no_suggestCircular_no
		Alignment: 3794 4112 | 58409 58092 | 319 318 | 98.75 | ENA_AAWO01000034_AAWO01000034.1_Leptospirillum_rubarum_LeptoII_Scaffold_8049_Cont34__whole_genome_shotgun_sequence. tig00000001_len_2577733_reads_5229_covStat_4991.44_gappedBases_no_class_contig_suggestRepeat_no_suggestCircular_no
		Alignment: 3791 3878 | 58478 58391 | 88 88 | 100.0 | ENA_AAWO01000034_AAWO01000034.1_Leptospirillum_rubarum_LeptoII_Scaffold_8049_Cont34__whole_genome_shotgun_sequence. tig00000001_len_2577733_reads_5229_covStat_4991.44_gappedBases_no_class_contig_suggestRepeat_no_suggestCircular_no
		Alignment: 991 3878 | 61404 58523 | 2888 2882 | 97.89 | ENA_AAWO01000034_AAWO01000034.1_Leptospirillum_rubarum_LeptoII_Scaffold_8049_Cont34__whole_genome_shotgun_sequence. tig00000001_len_2577733_reads_5229_covStat_4991.44_gappedBases_no_class_contig_suggestRepeat_no_suggestCircular_no
		Alignment: 37754 39992 | 84232 86467 | 2239 2236 | 96.03 | ENA_AAWO01000035_AAWO01000035.1_Leptospirillum_rubarum_LeptoII_Scaffold_8049_Cont35__whole_genome_shotgun_sequence. tig00000001_len_2577733_reads_5229_covStat_4991.44_gappedBases_no_class_contig_suggestRepeat_no_suggestCircular_no
		Alignment: 49166 51877 | 101189 98478 | 2712 2712 | 98.75 | ENA_AAWO01000020_AAWO01000020.1_Leptospirillum_rubarum_LeptoII_Scaffold_8049_Cont20__whole_genome_shotgun_sequence. tig00000001_len_2577733_reads_5229_covStat_4991.44_gappedBases_no_class_contig_suggestRepeat_no_suggestCircular_no
		Alignment: 4 44534 | 147151 102602 | 44531 44550 | 99.57 | ENA_AAWO01000020_AAWO01000020.1_Leptospirillum_rubarum_LeptoII_Scaffold_8049_Cont20__whole_genome_shotgun_sequence. tig00000001_len_2577733_reads_5229_covStat_4991.44_gappedBases_no_class_contig_suggestRepeat_no_suggestCircular_no
		Alignment: 16665 23069 | 153734 147336 | 6405 6399 | 95.43 | ENA_AAWO01000019_AAWO01000019.1_Leptospirillum_rubarum_LeptoII_Scaffold_8049_Cont19__whole_genome_shotgun_sequence. tig00000001_len_2577733_reads_5229_covStat_4991.44_gappedBases_no_class_contig_suggestRepeat_no_suggestCircular_no
		Alignment: 30036 30578 | 256966 257507 | 543 542 | 97.42 | ENA_AAWO01000056_AAWO01000056.1_Leptospirillum_rubarum_LeptoII_Scaffold_8135_Cont56__whole_genome_shotgun_sequence. tig00000001_len_2577733_reads_5229_covStat_4991.44_gappedBases_no_class_contig_suggestRepeat_no_suggestCircular_no
		Alignment: 44623 46305 | 302906 304582 | 1683 1677 | 96.26 | ENA_AAWO01000040_AAWO01000040.1_Leptospirillum_rubarum_LeptoII_Scaffold_8062_Cont40__whole_genome_shotgun_sequence. tig00000001_len_2577733_reads_5229_covStat_4991.44_gappedBases_no_class_contig_suggestRepeat_no_suggestCircular_no
		Alignment: 774 9612 | 325175 334013 | 8839 8839 | 99.99 | ENA_AAWO01000041_AAWO01000041.1_Leptospirillum_rubarum_LeptoII_Scaffold_8062_Cont41__whole_genome_shotgun_sequence. tig00000001_len_2577733_reads_5229_covStat_4991.44_gappedBases_no_class_contig_suggestRepeat_no_suggestCircular_no
		Alignment: 854 2807 | 334010 335963 | 1954 1954 | 99.8 | ENA_AAWO01000042_AAWO01000042.1_Leptospirillum_rubarum_LeptoII_Scaffold_8062_Cont42__whole_genome_shotgun_sequence. tig00000001_len_2577733_reads_5229_covStat_4991.44_gappedBases_no_class_contig_suggestRepeat_no_suggestCircular_no
		Alignment: 25224 51541 | 336931 363252 | 26318 26322 | 96.26 | ENA_AAWO01000046_AAWO01000046.1_Leptospirillum_rubarum_LeptoII_Scaffold_8062_Cont46__whole_genome_shotgun_sequence. tig00000001_len_2577733_reads_5229_covStat_4991.44_gappedBases_no_class_contig_suggestRepeat_no_suggestCircular_no
		Alignment: 1 4366 | 494468 498833 | 4366 4366 | 95.84 | ENA_AAWO01000012_AAWO01000012.1_Leptospirillum_rubarum_LeptoII_Scaffold_7931_Cont12__whole_genome_shotgun_sequence. tig00000001_len_2577733_reads_5229_covStat_4991.44_gappedBases_no_class_contig_suggestRepeat_no_suggestCircular_no
		Alignment: 1 1683 | 793278 794958 | 1683 1681 | 96.44 | ENA_AAWO01000045_AAWO01000045.1_Leptospirillum_rubarum_LeptoII_Scaffold_8062_Cont45__whole_genome_shotgun_sequence. tig00000001_len_2577733_reads_5229_covStat_4991.44_gappedBases_no_class_contig_suggestRepeat_no_suggestCircular_no
		Alignment: 1547 2176 | 840699 840070 | 630 630 | 97.62 | ENA_AAWO01000064_AAWO01000064.1_Leptospirillum_rubarum_LeptoII_Scaffold_8241_Cont64__whole_genome_shotgun_sequence. tig00000001_len_2577733_reads_5229_covStat_4991.44_gappedBases_no_class_contig_suggestRepeat_no_suggestCircular_no
		Alignment: 90937 121367 | 1096523 1066103 | 30431 30421 | 97.97 | ENA_AAWO01000058_AAWO01000058.1_Leptospirillum_rubarum_LeptoII_Scaffold_8241_Cont58__whole_genome_shotgun_sequence. tig00000001_len_2577733_reads_5229_covStat_4991.44_gappedBases_no_class_contig_suggestRepeat_no_suggestCircular_no
		Alignment: 1636 178199 | 1652905 1476367 | 176564 176539 | 95.41 | ENA_AAWO01000003_AAWO01000003.1_Leptospirillum_rubarum_LeptoII_Scaffold_7931_Cont3__whole_genome_shotgun_sequence. tig00000001_len_2577733_reads_5229_covStat_4991.44_gappedBases_no_class_contig_suggestRepeat_no_suggestCircular_no
		Alignment: 1 9470 | 1701647 1692178 | 9470 9470 | 99.87 | ENA_AAWO01000001_AAWO01000001.1_Leptospirillum_rubarum_LeptoII_Scaffold_7931_Cont1__whole_genome_shotgun_sequence. tig00000001_len_2577733_reads_5229_covStat_4991.44_gappedBases_no_class_contig_suggestRepeat_no_suggestCircular_no
		Alignment: 533 994 | 2259703 2259242 | 462 462 | 95.89 | ENA_AAWO01000045_AAWO01000045.1_Leptospirillum_rubarum_LeptoII_Scaffold_8062_Cont45__whole_genome_shotgun_sequence. tig00000001_len_2577733_reads_5229_covStat_4991.44_gappedBases_no_class_contig_suggestRepeat_no_suggestCircular_no
		Alignment: 9532 14986 | 2282821 2277361 | 5455 5461 | 99.18 | ENA_AAWO01000056_AAWO01000056.1_Leptospirillum_rubarum_LeptoII_Scaffold_8135_Cont56__whole_genome_shotgun_sequence. tig00000001_len_2577733_reads_5229_covStat_4991.44_gappedBases_no_class_contig_suggestRepeat_no_suggestCircular_no
		Alignment: 53372 54323 | 2347295 2348255 | 952 961 | 98.34 | ENA_AAWO01000055_AAWO01000055.1_Leptospirillum_rubarum_LeptoII_Scaffold_8135_Cont55__whole_genome_shotgun_sequence. tig00000001_len_2577733_reads_5229_covStat_4991.44_gappedBases_no_class_contig_suggestRepeat_no_suggestCircular_no
		Alignment: 650 1191 | 2368344 2367802 | 542 543 | 97.79 | ENA_AAWO01000017_AAWO01000017.1_Leptospirillum_rubarum_LeptoII_Scaffold_8049_Cont17__whole_genome_shotgun_sequence. tig00000001_len_2577733_reads_5229_covStat_4991.44_gappedBases_no_class_contig_suggestRepeat_no_suggestCircular_no
		Unaligned bases: 2235857

Analyzing coverage...
Writing SNPs into /domus/h1/akss94/GenomeAnalysis/GenomeAnalysis/analyses/20190405_Canu_results/quast_results/results_2019_04_11_13_21_06/contigs_reports/nucmer_output/lferriphilum_1contig.used_snps.gz
WARNING: Reference ENA_AAWO01000067_AAWO01000067.1_Leptospirillum_rubarum_LeptoII_Scaffold_8241_Cont67__whole_genome_shotgun_sequence. does not have any alignments! 
WARNING: Reference ENA_AAWO01000078_AAWO01000078.1_Leptospirillum_rubarum_LeptoII_Scaffold_8524_Cont78__whole_genome_shotgun_sequence. does not have any alignments! 
WARNING: Reference ENA_AAWO01000033_AAWO01000033.1_Leptospirillum_rubarum_LeptoII_Scaffold_8049_Cont33__whole_genome_shotgun_sequence. does not have any alignments! 
WARNING: Reference ENA_AAWO01000082_AAWO01000082.1_Leptospirillum_rubarum_LeptoII_Scaffold_8692_Cont82__whole_genome_shotgun_sequence. does not have any alignments! 
WARNING: Reference ENA_AAWO01000083_AAWO01000083.1_Leptospirillum_rubarum_LeptoII_Scaffold_8692_Cont83__whole_genome_shotgun_sequence. does not have any alignments! 
WARNING: Reference ENA_AAWO01000063_AAWO01000063.1_Leptospirillum_rubarum_LeptoII_Scaffold_8241_Cont63__whole_genome_shotgun_sequence. does not have any alignments! 
	Reference ENA_AAWO01000012_AAWO01000012.1_Leptospirillum_rubarum_LeptoII_Scaffold_7931_Cont12__whole_genome_shotgun_sequence.: 1 total alignments. 1 total regions.
		Region: 1 to 4777 (4777 bp)
			Align 1: 1 4366 tig00000001_len_2577733_reads_5229_covStat_4991.44_gappedBases_no_class_contig_suggestRepeat_no_suggestCircular_no 494468 498833
			END in gap: 4366 to 4777 (411 bp).

WARNING: Reference ENA_AAWO01000032_AAWO01000032.1_Leptospirillum_rubarum_LeptoII_Scaffold_8049_Cont32__whole_genome_shotgun_sequence. does not have any alignments! 
WARNING: Reference ENA_AAWO01000059_AAWO01000059.1_Leptospirillum_rubarum_LeptoII_Scaffold_8241_Cont59__whole_genome_shotgun_sequence. does not have any alignments! 
WARNING: Reference ENA_AAWO01000062_AAWO01000062.1_Leptospirillum_rubarum_LeptoII_Scaffold_8241_Cont62__whole_genome_shotgun_sequence. does not have any alignments! 
	Reference ENA_AAWO01000035_AAWO01000035.1_Leptospirillum_rubarum_LeptoII_Scaffold_8049_Cont35__whole_genome_shotgun_sequence.: 2 total alignments. 1 total regions.
		Region: 1 to 41257 (41257 bp)
			START in gap: 1 to 785 (784 bp)
			Align 1: 785 13645 tig00000001_len_2577733_reads_5229_covStat_4991.44_gappedBases_no_class_contig_suggestRepeat_no_suggestCircular_no 58096 45246
				Gap between this and next alignment: 13645 to 37754 (24108 bp)
				Next Alignment: 37754 39992 tig00000001_len_2577733_reads_5229_covStat_4991.44_gappedBases_no_class_contig_suggestRepeat_no_suggestCircular_no 84232 86467

			Align 2: 37754 39992 tig00000001_len_2577733_reads_5229_covStat_4991.44_gappedBases_no_class_contig_suggestRepeat_no_suggestCircular_no 84232 86467
			END in gap: 39992 to 41257 (1265 bp).

WARNING: Reference ENA_AAWO01000037_AAWO01000037.1_Leptospirillum_rubarum_LeptoII_Scaffold_8049_Cont37__whole_genome_shotgun_sequence. does not have any alignments! 
WARNING: Reference ENA_AAWO01000002_AAWO01000002.1_Leptospirillum_rubarum_LeptoII_Scaffold_7931_Cont2__whole_genome_shotgun_sequence. does not have any alignments! 
WARNING: Reference ENA_AAWO01000043_AAWO01000043.1_Leptospirillum_rubarum_LeptoII_Scaffold_8062_Cont43__whole_genome_shotgun_sequence. does not have any alignments! 
WARNING: Reference ENA_AAWO01000061_AAWO01000061.1_Leptospirillum_rubarum_LeptoII_Scaffold_8241_Cont61__whole_genome_shotgun_sequence. does not have any alignments! 
WARNING: Reference ENA_AAWO01000070_AAWO01000070.1_Leptospirillum_rubarum_LeptoII_Scaffold_8524_Cont70__whole_genome_shotgun_sequence. does not have any alignments! 
	Reference ENA_AAWO01000019_AAWO01000019.1_Leptospirillum_rubarum_LeptoII_Scaffold_8049_Cont19__whole_genome_shotgun_sequence.: 1 total alignments. 1 total regions.
		Region: 1 to 23069 (23069 bp)
			START in gap: 1 to 16665 (16664 bp)
			Align 1: 16665 23069 tig00000001_len_2577733_reads_5229_covStat_4991.44_gappedBases_no_class_contig_suggestRepeat_no_suggestCircular_no 153734 147336
			END in current alignment.  Modifying 23069 to 23069.

WARNING: Reference ENA_AAWO01000066_AAWO01000066.1_Leptospirillum_rubarum_LeptoII_Scaffold_8241_Cont66__whole_genome_shotgun_sequence. does not have any alignments! 
WARNING: Reference ENA_AAWO01000023_AAWO01000023.1_Leptospirillum_rubarum_LeptoII_Scaffold_8049_Cont23__whole_genome_shotgun_sequence. does not have any alignments! 
WARNING: Reference ENA_AAWO01000009_AAWO01000009.1_Leptospirillum_rubarum_LeptoII_Scaffold_7931_Cont9__whole_genome_shotgun_sequence. does not have any alignments! 
WARNING: Reference ENA_AAWO01000038_AAWO01000038.1_Leptospirillum_rubarum_LeptoII_Scaffold_8049_Cont38__whole_genome_shotgun_sequence. does not have any alignments! 
WARNING: Reference ENA_AAWO01000014_AAWO01000014.1_Leptospirillum_rubarum_LeptoII_Scaffold_7931_Cont14__whole_genome_shotgun_sequence. does not have any alignments! 
	Reference ENA_AAWO01000064_AAWO01000064.1_Leptospirillum_rubarum_LeptoII_Scaffold_8241_Cont64__whole_genome_shotgun_sequence.: 1 total alignments. 1 total regions.
		Region: 1 to 2176 (2176 bp)
			START in gap: 1 to 1547 (1546 bp)
			Align 1: 1547 2176 tig00000001_len_2577733_reads_5229_covStat_4991.44_gappedBases_no_class_contig_suggestRepeat_no_suggestCircular_no 840699 840070
			END in current alignment.  Modifying 2176 to 2176.

WARNING: Reference ENA_AAWO01000069_AAWO01000069.1_Leptospirillum_rubarum_LeptoII_Scaffold_8524_Cont69__whole_genome_shotgun_sequence. does not have any alignments! 
WARNING: Reference ENA_AAWO01000086_AAWO01000086.1_Leptospirillum_rubarum_LeptoII_Scaffold_8692_Cont86__whole_genome_shotgun_sequence. does not have any alignments! 
WARNING: Reference ENA_AAWO01000057_AAWO01000057.1_Leptospirillum_rubarum_LeptoII_Scaffold_8241_Cont57__whole_genome_shotgun_sequence. does not have any alignments! 
WARNING: Reference ENA_AAWO01000076_AAWO01000076.1_Leptospirillum_rubarum_LeptoII_Scaffold_8524_Cont76__whole_genome_shotgun_sequence. does not have any alignments! 
WARNING: Reference ENA_AAWO01000028_AAWO01000028.1_Leptospirillum_rubarum_LeptoII_Scaffold_8049_Cont28__whole_genome_shotgun_sequence. does not have any alignments! 
WARNING: Reference ENA_AAWO01000047_AAWO01000047.1_Leptospirillum_rubarum_LeptoII_Scaffold_8062_Cont47__whole_genome_shotgun_sequence. does not have any alignments! 
WARNING: Reference ENA_AAWO01000073_AAWO01000073.1_Leptospirillum_rubarum_LeptoII_Scaffold_8524_Cont73__whole_genome_shotgun_sequence. does not have any alignments! 
WARNING: Reference ENA_AAWO01000011_AAWO01000011.1_Leptospirillum_rubarum_LeptoII_Scaffold_7931_Cont11__whole_genome_shotgun_sequence. does not have any alignments! 
WARNING: Reference ENA_AAWO01000018_AAWO01000018.1_Leptospirillum_rubarum_LeptoII_Scaffold_8049_Cont18__whole_genome_shotgun_sequence. does not have any alignments! 
WARNING: Reference ENA_AAWO01000005_AAWO01000005.1_Leptospirillum_rubarum_LeptoII_Scaffold_7931_Cont5__whole_genome_shotgun_sequence. does not have any alignments! 
WARNING: Reference ENA_AAWO01000053_AAWO01000053.1_Leptospirillum_rubarum_LeptoII_Scaffold_8062_Cont53__whole_genome_shotgun_sequence. does not have any alignments! 
	Reference ENA_AAWO01000001_AAWO01000001.1_Leptospirillum_rubarum_LeptoII_Scaffold_7931_Cont1__whole_genome_shotgun_sequence.: 1 total alignments. 1 total regions.
		Region: 1 to 9470 (9470 bp)
			Align 1: 1 9470 tig00000001_len_2577733_reads_5229_covStat_4991.44_gappedBases_no_class_contig_suggestRepeat_no_suggestCircular_no 1701647 1692178
			END in current alignment.  Modifying 9470 to 9470.

	Reference ENA_AAWO01000055_AAWO01000055.1_Leptospirillum_rubarum_LeptoII_Scaffold_8135_Cont55__whole_genome_shotgun_sequence.: 1 total alignments. 1 total regions.
		Region: 1 to 54323 (54323 bp)
			START in gap: 1 to 53372 (53371 bp)
			Align 1: 53372 54323 tig00000001_len_2577733_reads_5229_covStat_4991.44_gappedBases_no_class_contig_suggestRepeat_no_suggestCircular_no 2347295 2348255
			END in current alignment.  Modifying 54323 to 54323.

	Reference ENA_AAWO01000034_AAWO01000034.1_Leptospirillum_rubarum_LeptoII_Scaffold_8049_Cont34__whole_genome_shotgun_sequence.: 3 total alignments. 1 total regions.
		Region: 1 to 4112 (4112 bp)
			START in gap: 1 to 991 (990 bp)
			Align 1: 991 3878 tig00000001_len_2577733_reads_5229_covStat_4991.44_gappedBases_no_class_contig_suggestRepeat_no_suggestCircular_no 61404 58523
				The next alignment (3791 3878 tig00000001_len_2577733_reads_5229_covStat_4991.44_gappedBases_no_class_contig_suggestRepeat_no_suggestCircular_no 58478 58391) is redundant. Skipping.
				Negative gap (overlap) between this and next alignment: 3878 to 3794 (-84 bp)
				Next Alignment: 3794 4112 tig00000001_len_2577733_reads_5229_covStat_4991.44_gappedBases_no_class_contig_suggestRepeat_no_suggestCircular_no 58409 58092

			Previous gap was negative, modifying coordinates to ignore overlap
				Moving contig start from 58409 to 58324.
			Align 3: 3879 4112 tig00000001_len_2577733_reads_5229_covStat_4991.44_gappedBases_no_class_contig_suggestRepeat_no_suggestCircular_no 58324 58092
			END in current alignment.  Modifying 4112 to 4112.

WARNING: Reference ENA_AAWO01000075_AAWO01000075.1_Leptospirillum_rubarum_LeptoII_Scaffold_8524_Cont75__whole_genome_shotgun_sequence. does not have any alignments! 
WARNING: Reference ENA_AAWO01000029_AAWO01000029.1_Leptospirillum_rubarum_LeptoII_Scaffold_8049_Cont29__whole_genome_shotgun_sequence. does not have any alignments! 
WARNING: Reference ENA_AAWO01000024_AAWO01000024.1_Leptospirillum_rubarum_LeptoII_Scaffold_8049_Cont24__whole_genome_shotgun_sequence. does not have any alignments! 
WARNING: Reference ENA_AAWO01000060_AAWO01000060.1_Leptospirillum_rubarum_LeptoII_Scaffold_8241_Cont60__whole_genome_shotgun_sequence. does not have any alignments! 
WARNING: Reference ENA_AAWO01000008_AAWO01000008.1_Leptospirillum_rubarum_LeptoII_Scaffold_7931_Cont8__whole_genome_shotgun_sequence. does not have any alignments! 
WARNING: Reference ENA_AAWO01000051_AAWO01000051.1_Leptospirillum_rubarum_LeptoII_Scaffold_8062_Cont51__whole_genome_shotgun_sequence. does not have any alignments! 
WARNING: Reference ENA_AAWO01000071_AAWO01000071.1_Leptospirillum_rubarum_LeptoII_Scaffold_8524_Cont71__whole_genome_shotgun_sequence. does not have any alignments! 
WARNING: Reference ENA_AAWO01000031_AAWO01000031.1_Leptospirillum_rubarum_LeptoII_Scaffold_8049_Cont31__whole_genome_shotgun_sequence. does not have any alignments! 
	Reference ENA_AAWO01000058_AAWO01000058.1_Leptospirillum_rubarum_LeptoII_Scaffold_8241_Cont58__whole_genome_shotgun_sequence.: 1 total alignments. 1 total regions.
		Region: 1 to 122176 (122176 bp)
			START in gap: 1 to 90937 (90936 bp)
			Align 1: 90937 121367 tig00000001_len_2577733_reads_5229_covStat_4991.44_gappedBases_no_class_contig_suggestRepeat_no_suggestCircular_no 1096523 1066103
			END in gap: 121367 to 122176 (809 bp).

	Reference ENA_AAWO01000046_AAWO01000046.1_Leptospirillum_rubarum_LeptoII_Scaffold_8062_Cont46__whole_genome_shotgun_sequence.: 1 total alignments. 1 total regions.
		Region: 1 to 136914 (136914 bp)
			START in gap: 1 to 25224 (25223 bp)
			Align 1: 25224 51541 tig00000001_len_2577733_reads_5229_covStat_4991.44_gappedBases_no_class_contig_suggestRepeat_no_suggestCircular_no 336931 363252
			END in gap: 51541 to 136914 (85373 bp).

WARNING: Reference ENA_AAWO01000027_AAWO01000027.1_Leptospirillum_rubarum_LeptoII_Scaffold_8049_Cont27__whole_genome_shotgun_sequence. does not have any alignments! 
WARNING: Reference ENA_AAWO01000052_AAWO01000052.1_Leptospirillum_rubarum_LeptoII_Scaffold_8062_Cont52__whole_genome_shotgun_sequence. does not have any alignments! 
WARNING: Reference ENA_AAWO01000036_AAWO01000036.1_Leptospirillum_rubarum_LeptoII_Scaffold_8049_Cont36__whole_genome_shotgun_sequence. does not have any alignments! 
WARNING: Reference ENA_AAWO01000044_AAWO01000044.1_Leptospirillum_rubarum_LeptoII_Scaffold_8062_Cont44__whole_genome_shotgun_sequence. does not have any alignments! 
	Reference ENA_AAWO01000042_AAWO01000042.1_Leptospirillum_rubarum_LeptoII_Scaffold_8062_Cont42__whole_genome_shotgun_sequence.: 1 total alignments. 1 total regions.
		Region: 1 to 15253 (15253 bp)
			START in gap: 1 to 854 (853 bp)
			Align 1: 854 2807 tig00000001_len_2577733_reads_5229_covStat_4991.44_gappedBases_no_class_contig_suggestRepeat_no_suggestCircular_no 334010 335963
			END in gap: 2807 to 15253 (12446 bp).

WARNING: Reference ENA_AAWO01000025_AAWO01000025.1_Leptospirillum_rubarum_LeptoII_Scaffold_8049_Cont25__whole_genome_shotgun_sequence. does not have any alignments! 
WARNING: Reference ENA_AAWO01000010_AAWO01000010.1_Leptospirillum_rubarum_LeptoII_Scaffold_7931_Cont10__whole_genome_shotgun_sequence. does not have any alignments! 
WARNING: Reference ENA_AAWO01000013_AAWO01000013.1_Leptospirillum_rubarum_LeptoII_Scaffold_7931_Cont13__whole_genome_shotgun_sequence. does not have any alignments! 
WARNING: Reference ENA_AAWO01000065_AAWO01000065.1_Leptospirillum_rubarum_LeptoII_Scaffold_8241_Cont65__whole_genome_shotgun_sequence. does not have any alignments! 
WARNING: Reference ENA_AAWO01000007_AAWO01000007.1_Leptospirillum_rubarum_LeptoII_Scaffold_7931_Cont7__whole_genome_shotgun_sequence. does not have any alignments! 
	Reference ENA_AAWO01000017_AAWO01000017.1_Leptospirillum_rubarum_LeptoII_Scaffold_8049_Cont17__whole_genome_shotgun_sequence.: 1 total alignments. 1 total regions.
		Region: 1 to 32557 (32557 bp)
			START in gap: 1 to 650 (649 bp)
			Align 1: 650 1191 tig00000001_len_2577733_reads_5229_covStat_4991.44_gappedBases_no_class_contig_suggestRepeat_no_suggestCircular_no 2368344 2367802
			END in gap: 1191 to 32557 (31366 bp).

WARNING: Reference ENA_AAWO01000079_AAWO01000079.1_Leptospirillum_rubarum_LeptoII_Scaffold_8524_Cont79__whole_genome_shotgun_sequence. does not have any alignments! 
WARNING: Reference ENA_AAWO01000049_AAWO01000049.1_Leptospirillum_rubarum_LeptoII_Scaffold_8062_Cont49__whole_genome_shotgun_sequence. does not have any alignments! 
WARNING: Reference ENA_AAWO01000021_AAWO01000021.1_Leptospirillum_rubarum_LeptoII_Scaffold_8049_Cont21__whole_genome_shotgun_sequence. does not have any alignments! 
WARNING: Reference ENA_AAWO01000087_AAWO01000087.1_Leptospirillum_rubarum_LeptoII_Scaffold_8692_Cont87__whole_genome_shotgun_sequence. does not have any alignments! 
WARNING: Reference ENA_AAWO01000068_AAWO01000068.1_Leptospirillum_rubarum_LeptoII_Scaffold_8241_Cont68__whole_genome_shotgun_sequence. does not have any alignments! 
WARNING: Reference ENA_AAWO01000080_AAWO01000080.1_Leptospirillum_rubarum_LeptoII_Scaffold_8524_Cont80__whole_genome_shotgun_sequence. does not have any alignments! 
WARNING: Reference ENA_AAWO01000085_AAWO01000085.1_Leptospirillum_rubarum_LeptoII_Scaffold_8692_Cont85__whole_genome_shotgun_sequence. does not have any alignments! 
WARNING: Reference ENA_AAWO01000016_AAWO01000016.1_Leptospirillum_rubarum_LeptoII_Scaffold_8027_Cont16__whole_genome_shotgun_sequence. does not have any alignments! 
WARNING: Reference ENA_AAWO01000006_AAWO01000006.1_Leptospirillum_rubarum_LeptoII_Scaffold_7931_Cont6__whole_genome_shotgun_sequence. does not have any alignments! 
	Reference ENA_AAWO01000056_AAWO01000056.1_Leptospirillum_rubarum_LeptoII_Scaffold_8135_Cont56__whole_genome_shotgun_sequence.: 2 total alignments. 1 total regions.
		Region: 1 to 60836 (60836 bp)
			START in gap: 1 to 9532 (9531 bp)
			Align 1: 9532 14986 tig00000001_len_2577733_reads_5229_covStat_4991.44_gappedBases_no_class_contig_suggestRepeat_no_suggestCircular_no 2282821 2277361
				Gap between this and next alignment: 14986 to 30036 (15049 bp)
				Next Alignment: 30036 30578 tig00000001_len_2577733_reads_5229_covStat_4991.44_gappedBases_no_class_contig_suggestRepeat_no_suggestCircular_no 256966 257507

			Align 2: 30036 30578 tig00000001_len_2577733_reads_5229_covStat_4991.44_gappedBases_no_class_contig_suggestRepeat_no_suggestCircular_no 256966 257507
			END in gap: 30578 to 60836 (30258 bp).

WARNING: Reference ENA_AAWO01000054_AAWO01000054.1_Leptospirillum_rubarum_LeptoII_Scaffold_8062_Cont54__whole_genome_shotgun_sequence. does not have any alignments! 
	Reference ENA_AAWO01000003_AAWO01000003.1_Leptospirillum_rubarum_LeptoII_Scaffold_7931_Cont3__whole_genome_shotgun_sequence.: 1 total alignments. 1 total regions.
		Region: 1 to 194186 (194186 bp)
			START in gap: 1 to 1636 (1635 bp)
			Align 1: 1636 178199 tig00000001_len_2577733_reads_5229_covStat_4991.44_gappedBases_no_class_contig_suggestRepeat_no_suggestCircular_no 1652905 1476367
			END in gap: 178199 to 194186 (15987 bp).

WARNING: Reference ENA_AAWO01000072_AAWO01000072.1_Leptospirillum_rubarum_LeptoII_Scaffold_8524_Cont72__whole_genome_shotgun_sequence. does not have any alignments! 
WARNING: Reference ENA_AAWO01000050_AAWO01000050.1_Leptospirillum_rubarum_LeptoII_Scaffold_8062_Cont50__whole_genome_shotgun_sequence. does not have any alignments! 
WARNING: Reference ENA_AAWO01000022_AAWO01000022.1_Leptospirillum_rubarum_LeptoII_Scaffold_8049_Cont22__whole_genome_shotgun_sequence. does not have any alignments! 
	Reference ENA_AAWO01000041_AAWO01000041.1_Leptospirillum_rubarum_LeptoII_Scaffold_8062_Cont41__whole_genome_shotgun_sequence.: 1 total alignments. 1 total regions.
		Region: 1 to 10537 (10537 bp)
			START in gap: 1 to 774 (773 bp)
			Align 1: 774 9612 tig00000001_len_2577733_reads_5229_covStat_4991.44_gappedBases_no_class_contig_suggestRepeat_no_suggestCircular_no 325175 334013
			END in gap: 9612 to 10537 (925 bp).

	Reference ENA_AAWO01000045_AAWO01000045.1_Leptospirillum_rubarum_LeptoII_Scaffold_8062_Cont45__whole_genome_shotgun_sequence.: 2 total alignments. 1 total regions.
		Region: 1 to 2532 (2532 bp)
			Align 1: 1 1683 tig00000001_len_2577733_reads_5229_covStat_4991.44_gappedBases_no_class_contig_suggestRepeat_no_suggestCircular_no 793278 794958
				The next alignment (533 994 tig00000001_len_2577733_reads_5229_covStat_4991.44_gappedBases_no_class_contig_suggestRepeat_no_suggestCircular_no 2259703 2259242) is redundant. Skipping.

WARNING: Reference ENA_AAWO01000015_AAWO01000015.1_Leptospirillum_rubarum_LeptoII_Scaffold_8027_Cont15__whole_genome_shotgun_sequence. does not have any alignments! 
WARNING: Reference ENA_AAWO01000026_AAWO01000026.1_Leptospirillum_rubarum_LeptoII_Scaffold_8049_Cont26__whole_genome_shotgun_sequence. does not have any alignments! 
WARNING: Reference ENA_AAWO01000081_AAWO01000081.1_Leptospirillum_rubarum_LeptoII_Scaffold_8692_Cont81__whole_genome_shotgun_sequence. does not have any alignments! 
WARNING: Reference ENA_AAWO01000030_AAWO01000030.1_Leptospirillum_rubarum_LeptoII_Scaffold_8049_Cont30__whole_genome_shotgun_sequence. does not have any alignments! 
WARNING: Reference ENA_AAWO01000084_AAWO01000084.1_Leptospirillum_rubarum_LeptoII_Scaffold_8692_Cont84__whole_genome_shotgun_sequence. does not have any alignments! 
WARNING: Reference ENA_AAWO01000048_AAWO01000048.1_Leptospirillum_rubarum_LeptoII_Scaffold_8062_Cont48__whole_genome_shotgun_sequence. does not have any alignments! 
WARNING: Reference ENA_AAWO01000039_AAWO01000039.1_Leptospirillum_rubarum_LeptoII_Scaffold_8049_Cont39__whole_genome_shotgun_sequence. does not have any alignments! 
WARNING: Reference ENA_AAWO01000074_AAWO01000074.1_Leptospirillum_rubarum_LeptoII_Scaffold_8524_Cont74__whole_genome_shotgun_sequence. does not have any alignments! 
	Reference ENA_AAWO01000020_AAWO01000020.1_Leptospirillum_rubarum_LeptoII_Scaffold_8049_Cont20__whole_genome_shotgun_sequence.: 2 total alignments. 1 total regions.
		Region: 1 to 53545 (53545 bp)
			START in gap: 1 to 4 (3 bp)
			Align 1: 4 44534 tig00000001_len_2577733_reads_5229_covStat_4991.44_gappedBases_no_class_contig_suggestRepeat_no_suggestCircular_no 147151 102602
				Gap between this and next alignment: 44534 to 49166 (4631 bp)
				Next Alignment: 49166 51877 tig00000001_len_2577733_reads_5229_covStat_4991.44_gappedBases_no_class_contig_suggestRepeat_no_suggestCircular_no 101189 98478

			Align 2: 49166 51877 tig00000001_len_2577733_reads_5229_covStat_4991.44_gappedBases_no_class_contig_suggestRepeat_no_suggestCircular_no 101189 98478
			END in gap: 51877 to 53545 (1668 bp).

WARNING: Reference ENA_AAWO01000004_AAWO01000004.1_Leptospirillum_rubarum_LeptoII_Scaffold_7931_Cont4__whole_genome_shotgun_sequence. does not have any alignments! 
	Reference ENA_AAWO01000040_AAWO01000040.1_Leptospirillum_rubarum_LeptoII_Scaffold_8062_Cont40__whole_genome_shotgun_sequence.: 1 total alignments. 1 total regions.
		Region: 1 to 47002 (47002 bp)
			START in gap: 1 to 44623 (44622 bp)
			Align 1: 44623 46305 tig00000001_len_2577733_reads_5229_covStat_4991.44_gappedBases_no_class_contig_suggestRepeat_no_suggestCircular_no 302906 304582
			END in gap: 46305 to 47002 (697 bp).

WARNING: Reference ENA_AAWO01000077_AAWO01000077.1_Leptospirillum_rubarum_LeptoII_Scaffold_8524_Cont77__whole_genome_shotgun_sequence. does not have any alignments! 
Analysis is finished!
Founded SNPs were written into /domus/h1/akss94/GenomeAnalysis/GenomeAnalysis/analyses/20190405_Canu_results/quast_results/results_2019_04_11_13_21_06/contigs_reports/nucmer_output/lferriphilum_1contig.used_snps.gz

Results:
	Local Misassemblies: 0
	Misassemblies: 0
		Relocations: 0
		Translocations: 0
		Inversions: 0
	Misassembled Contigs: 0
	Misassembled Contig Bases: 0
	Misassemblies Inter-Contig Overlap: 0
Uncovered Regions: 0 (0)
Unaligned Contigs: 0 + 1 part
Half Unaligned Contigs with Misassemblies: 1
Unaligned Contig Bases: 2235857

Ambiguously Mapped Contigs: 1
Total Bases in Ambiguously Mapped Contigs: 2577733
Extra Bases in Ambiguously Mapped Contigs: 0
Note that --allow-ambiguity option was set to "one" and only first alignment per each of these contigs was used.

	Covered Bases: 341300

	SNPs: 10347
	Insertions: 230
	Deletions: 261

	Positive Gaps: 28
		Internal Gaps: 3
		External Gaps: 25
		External Gap Total: 428785
		External Gap Average: 17151
	Negative Gaps: 1
		Internal Overlaps: 1
		External Overlaps: 0
		External Overlaps Total: 0
		External Overlaps Average: 0
	Contigs with Redundant Alignments: 1 (550)
