/sw/bioinfo/quast/4.5.4/rackham/bin/quast.py lferriphilum.contigs.fasta -R OBMB01.fasta -t 4

Version: 4.5.4

System information:
  OS: Linux-3.10.0-957.10.1.el7.x86_64-x86_64-with-centos-7.6.1810-Core (linux_64)
  Python version: 2.7.6
  CPUs number: 20

Started: 2019-04-05 09:32:03

Logging to /domus/h1/akss94/GenomeAnalysis/GenomeAnalysis/analyses/20190405_Canu_results/quast_results/results_2019_04_05_09_32_03/quast.log

CWD: /domus/h1/akss94/GenomeAnalysis/GenomeAnalysis/analyses/20190405_Canu_results
Main parameters: 
  Threads: 4, minimum contig length: 500, ambiguity: one, threshold for extensive misassembly size: 1000

Reference:
  OBMB01.fasta ==> OBMB01

Contigs:
  Pre-processing...
  lferriphilum.contigs.fasta ==> lferriphilum.contigs

2019-04-05 09:32:04
Running Basic statistics processor...
  Reference genome:
    OBMB01.fasta, length = 2610531, num fragments = 2, GC % = 54.14
  Contig files: 
    lferriphilum.contigs
  Calculating N50 and L50...
    lferriphilum.contigs, N50 = 2577733, L50 = 1, Total length = 2794451, GC % = 53.72, # N's per 100 kbp =  0.00
  Drawing Nx plot...
    saved to /domus/h1/akss94/GenomeAnalysis/GenomeAnalysis/analyses/20190405_Canu_results/quast_results/results_2019_04_05_09_32_03/basic_stats/Nx_plot.pdf
  Drawing NGx plot...
    saved to /domus/h1/akss94/GenomeAnalysis/GenomeAnalysis/analyses/20190405_Canu_results/quast_results/results_2019_04_05_09_32_03/basic_stats/NGx_plot.pdf
  Drawing cumulative plot...
    saved to /domus/h1/akss94/GenomeAnalysis/GenomeAnalysis/analyses/20190405_Canu_results/quast_results/results_2019_04_05_09_32_03/basic_stats/cumulative_plot.pdf
  Drawing GC content plot...
    saved to /domus/h1/akss94/GenomeAnalysis/GenomeAnalysis/analyses/20190405_Canu_results/quast_results/results_2019_04_05_09_32_03/basic_stats/GC_content_plot.pdf
  Drawing lferriphilum.contigs GC content plot...
    saved to /domus/h1/akss94/GenomeAnalysis/GenomeAnalysis/analyses/20190405_Canu_results/quast_results/results_2019_04_05_09_32_03/basic_stats/lferriphilum.contigs_GC_content_plot.pdf
Done.

2019-04-05 09:32:07
Running Contig analyzer...
  lferriphilum.contigs
  Logging to files /domus/h1/akss94/GenomeAnalysis/GenomeAnalysis/analyses/20190405_Canu_results/quast_results/results_2019_04_05_09_32_03/contigs_reports/contigs_report_lferriphilum-contigs.stdout and contigs_report_lferriphilum-contigs.stderr...
  Aligning contigs to the reference
  /sw/bioinfo/quast/4.5.4/rackham/lib/python2.7/site-packages/quast_libs/MUMmer/nucmer \
  -c 65 -l 65 --maxmatch -p quast_results/results_2019_04_05_09_32_03/contigs_reports/nucmer_output/lferriphilum-contigs \
  --emem -t 4 quast_results/results_2019_04_05_09_32_03/quast_corrected_input/OBMB01.fasta \
  quast_results/results_2019_04_05_09_32_03/quast_corrected_input/lferriphilum-contigs.fasta \
  >> quast_results/results_2019_04_05_09_32_03/contigs_reports/contigs_report_lferriphilum-contigs.stdout \
  2>> quast_results/results_2019_04_05_09_32_03/contigs_reports/contigs_report_lferriphilum-contigs.stderr
  /sw/bioinfo/quast/4.5.4/rackham/lib/python2.7/site-packages/quast_libs/MUMmer/delta-filter \
  -i 95.0 -l 0 quast_results/results_2019_04_05_09_32_03/contigs_reports/nucmer_output/lferriphilum-contigs.delta \
  > quast_results/results_2019_04_05_09_32_03/contigs_reports/nucmer_output/lferriphilum-contigs.fdelta \
  2> quast_results/results_2019_04_05_09_32_03/contigs_reports/contigs_report_lferriphilum-contigs.stderr
  /sw/bioinfo/quast/4.5.4/rackham/lib/python2.7/site-packages/quast_libs/MUMmer/mummerplot \
  --html --layout -p quast_results/results_2019_04_05_09_32_03/contigs_reports/nucmer_output/lferriphilum-contigs \
  quast_results/results_2019_04_05_09_32_03/contigs_reports/nucmer_output/lferriphilum-contigs.delta \
  > quast_results/results_2019_04_05_09_32_03/contigs_reports/contigs_report_lferriphilum-contigs.stdout \
  2> quast_results/results_2019_04_05_09_32_03/contigs_reports/contigs_report_lferriphilum-contigs.stderr
  /sw/bioinfo/quast/4.5.4/rackham/lib/python2.7/site-packages/quast_libs/gnuplot/src/gnuplot \
  quast_results/results_2019_04_05_09_32_03/contigs_reports/nucmer_output/lferriphilum-contigs.gp \
  > /dev/null 2> quast_results/results_2019_04_05_09_32_03/contigs_reports/contigs_report_lferriphilum-contigs.stderr
  MUMmer plot saved to /domus/h1/akss94/GenomeAnalysis/GenomeAnalysis/analyses/20190405_Canu_results/quast_results/results_2019_04_05_09_32_03/contigs_reports/lferriphilum-contigs_mummerplot.html
  /sw/bioinfo/quast/4.5.4/rackham/lib/python2.7/site-packages/quast_libs/MUMmer/show-coords \
  quast_results/results_2019_04_05_09_32_03/contigs_reports/nucmer_output/lferriphilum-contigs.delta \
  > quast_results/results_2019_04_05_09_32_03/contigs_reports/nucmer_output/lferriphilum-contigs.coords_tmp \
  2> quast_results/results_2019_04_05_09_32_03/contigs_reports/contigs_report_lferriphilum-contigs.stderr
  /sw/bioinfo/quast/4.5.4/rackham/lib/python2.7/site-packages/quast_libs/MUMmer/show-snps \
  -S -T -H quast_results/results_2019_04_05_09_32_03/contigs_reports/nucmer_output/lferriphilum-contigs.delta \
  < quast_results/results_2019_04_05_09_32_03/contigs_reports/nucmer_output/lferriphilum-contigs.coords.headless \
  > quast_results/results_2019_04_05_09_32_03/contigs_reports/nucmer_output/lferriphilum-contigs.all_snps \
  2> quast_results/results_2019_04_05_09_32_03/contigs_reports/contigs_report_lferriphilum-contigs.stderr
  Analysis is finished.

  Gzipping /domus/h1/akss94/GenomeAnalysis/GenomeAnalysis/analyses/20190405_Canu_results/quast_results/results_2019_04_05_09_32_03/contigs_reports/nucmer_output/lferriphilum-contigs.all_snps to reduce disk space usage...
    saved to /domus/h1/akss94/GenomeAnalysis/GenomeAnalysis/analyses/20190405_Canu_results/quast_results/results_2019_04_05_09_32_03/contigs_reports/nucmer_output/lferriphilum-contigs.all_snps.gz
  Creating total report...
    saved to /domus/h1/akss94/GenomeAnalysis/GenomeAnalysis/analyses/20190405_Canu_results/quast_results/results_2019_04_05_09_32_03/contigs_reports/misassemblies_report.txt, misassemblies_report.tsv, and misassemblies_report.tex
  Transposed version of total report...
    saved to /domus/h1/akss94/GenomeAnalysis/GenomeAnalysis/analyses/20190405_Canu_results/quast_results/results_2019_04_05_09_32_03/contigs_reports/transposed_report_misassemblies.txt, transposed_report_misassemblies.tsv, and transposed_report_misassemblies.tex
  Creating total report...
    saved to /domus/h1/akss94/GenomeAnalysis/GenomeAnalysis/analyses/20190405_Canu_results/quast_results/results_2019_04_05_09_32_03/contigs_reports/unaligned_report.txt, unaligned_report.tsv, and unaligned_report.tex
  Drawing misassemblies by types plot...
    saved to /domus/h1/akss94/GenomeAnalysis/GenomeAnalysis/analyses/20190405_Canu_results/quast_results/results_2019_04_05_09_32_03/contigs_reports/misassemblies_plot.pdf
  Drawing misassemblies FRCurve plot...
    saved to /domus/h1/akss94/GenomeAnalysis/GenomeAnalysis/analyses/20190405_Canu_results/quast_results/results_2019_04_05_09_32_03/contigs_reports/misassemblies_frcurve_plot.pdf
Done.

2019-04-05 09:32:13
Running NA-NGA calculation...
  lferriphilum.contigs, Largest alignment = 1921378, NA50 = 1921378, NGA50 = 1921378, LA50 = 1, LGA50 = 1
  Drawing cumulative plot...
    saved to /domus/h1/akss94/GenomeAnalysis/GenomeAnalysis/analyses/20190405_Canu_results/quast_results/results_2019_04_05_09_32_03/aligned_stats/cumulative_plot.pdf
  Drawing NAx plot...
    saved to /domus/h1/akss94/GenomeAnalysis/GenomeAnalysis/analyses/20190405_Canu_results/quast_results/results_2019_04_05_09_32_03/aligned_stats/NAx_plot.pdf
  Drawing NGAx plot...
    saved to /domus/h1/akss94/GenomeAnalysis/GenomeAnalysis/analyses/20190405_Canu_results/quast_results/results_2019_04_05_09_32_03/aligned_stats/NGAx_plot.pdf
Done.

2019-04-05 09:32:15
Running Genome analyzer...
  NOTICE: No file with genes provided. Use the -G option if you want to specify it.
  NOTICE: No file with operons provided. Use the -O option if you want to specify it.
  lferriphilum.contigs
  Analysis is finished.
  Skipping drawing Genome fraction, % histogram... (less than 2 columns histogram makes no sense)
Done.

NOTICE: Genes are not predicted by default. Use --gene-finding option to enable it.

2019-04-05 09:32:16
Creating large visual summaries...
This may take a while: press Ctrl-C to skip this step..
  1 of 2: Creating Icarus viewers...
  2 of 2: Creating PDF with all tables and plots...
Done

2019-04-05 09:32:18
RESULTS:
  Text versions of total report are saved to /domus/h1/akss94/GenomeAnalysis/GenomeAnalysis/analyses/20190405_Canu_results/quast_results/results_2019_04_05_09_32_03/report.txt, report.tsv, and report.tex
  Text versions of transposed total report are saved to /domus/h1/akss94/GenomeAnalysis/GenomeAnalysis/analyses/20190405_Canu_results/quast_results/results_2019_04_05_09_32_03/transposed_report.txt, transposed_report.tsv, and transposed_report.tex
  HTML version (interactive tables and plots) saved to /domus/h1/akss94/GenomeAnalysis/GenomeAnalysis/analyses/20190405_Canu_results/quast_results/results_2019_04_05_09_32_03/report.html
  PDF version (tables and plots) is saved to /domus/h1/akss94/GenomeAnalysis/GenomeAnalysis/analyses/20190405_Canu_results/quast_results/results_2019_04_05_09_32_03/report.pdf
  Icarus (contig browser) is saved to /domus/h1/akss94/GenomeAnalysis/GenomeAnalysis/analyses/20190405_Canu_results/quast_results/results_2019_04_05_09_32_03/icarus.html
  Log saved to /domus/h1/akss94/GenomeAnalysis/GenomeAnalysis/analyses/20190405_Canu_results/quast_results/results_2019_04_05_09_32_03/quast.log

Finished: 2019-04-05 09:32:18
Elapsed time: 0:00:15.654481
NOTICEs: 3; WARNINGs: 0; non-fatal ERRORs: 0

Thank you for using QUAST!
