[2019-05-24 12:01:17,586] multiqc                                            [DEBUG  ]  No MultiQC config found: /home/arnar/anaconda3/lib/python3.7/site-packages/multiqc_config.yaml
[2019-05-24 12:01:17,586] multiqc                                            [DEBUG  ]  No MultiQC config found: /home/arnar/.multiqc_config.yaml
[2019-05-24 12:01:17,586] multiqc                                            [DEBUG  ]  No MultiQC config found: multiqc_config.yaml
[2019-05-24 12:01:17,586] multiqc                                            [DEBUG  ]  Command used: /home/arnar/anaconda3/bin/multiqc .
[2019-05-24 12:01:18,198] multiqc                                            [DEBUG  ]  Latest MultiQC version is v1.7
[2019-05-24 12:01:18,199] multiqc                                            [INFO   ]  This is MultiQC v1.7
[2019-05-24 12:01:18,199] multiqc                                            [DEBUG  ]  Command     : /home/arnar/anaconda3/bin/multiqc .
[2019-05-24 12:01:18,199] multiqc                                            [DEBUG  ]  Working dir : /home/arnar/Documents/GitHub/GenomeAnalysis/fastqc_output/trim/single
[2019-05-24 12:01:18,199] multiqc                                            [INFO   ]  Template    : default
[2019-05-24 12:01:18,200] multiqc                                            [INFO   ]  Searching '.'
[2019-05-24 12:01:18,201] multiqc                                            [DEBUG  ]  Analysing modules: custom_content, conpair, peddy, methylQA, phantompeakqualtools, qualimap, preseq, quast, qorts, rna_seqc, rsem, rseqc, busco, goleft_indexcov, disambiguate, supernova, deeptools, sargasso, verifybamid, mirtrace, happy, homer, macs2, theta2, snpeff, gatk, htseq, bcftools, featureCounts, dedup, damageprofiler, picard, prokka, samblaster, samtools, bamtools, jellyfish, vcftools, longranger, stacks, bbmap, bismark, biscuit, hicexplorer, hicup, hicpro, salmon, kallisto, slamdunk, star, hisat2, tophat, bowtie2, bowtie1, kat, leehom, adapterRemoval, clipandmerge, cutadapt, flexbar, trimmomatic, skewer, sortmerna, biobloomtools, fastq_screen, afterqc, fastp, fastqc, minionqc, clusterflow, bcl2fastq, interop, flash
[2019-05-24 12:01:18,201] multiqc                                            [DEBUG  ]  Using temporary directory for creating report: /tmp/tmph7nhylkq
[2019-05-24 12:01:18,259] multiqc                                            [DEBUG  ]  Ignoring file as matched an ignore pattern: ERR2117288_S2.trim_fastqc.html
[2019-05-24 12:01:18,263] multiqc                                            [DEBUG  ]  Ignoring file as matched an ignore pattern: ERR2036629_S2.trim_fastqc.html
[2019-05-24 12:01:18,263] multiqc                                            [DEBUG  ]  Ignoring file as matched an ignore pattern: ERR2036632_S1.trim_fastqc.html
[2019-05-24 12:01:18,264] multiqc                                            [DEBUG  ]  Ignoring file as matched an ignore pattern: ERR2117292_S1.trim_fastqc.html
[2019-05-24 12:01:18,264] multiqc                                            [DEBUG  ]  Ignoring file as matched an ignore pattern: ERR2036629_S1.trim_fastqc.html
[2019-05-24 12:01:18,264] multiqc                                            [DEBUG  ]  Ignoring file as matched an ignore pattern: ERR2117289_S2.trim_fastqc.html
[2019-05-24 12:01:18,264] multiqc                                            [DEBUG  ]  Ignoring file as matched an ignore pattern: ERR2036631_S1.trim_fastqc.html
[2019-05-24 12:01:18,265] multiqc                                            [DEBUG  ]  Ignoring file as matched an ignore pattern: ERR2117291_S1.trim_fastqc.html
[2019-05-24 12:01:18,265] multiqc                                            [DEBUG  ]  Ignoring file as matched an ignore pattern: ERR2036630_S2.trim_fastqc.html
[2019-05-24 12:01:18,265] multiqc                                            [DEBUG  ]  Ignoring file as matched an ignore pattern: ERR2117291_S2.trim_fastqc.html
[2019-05-24 12:01:18,266] multiqc                                            [DEBUG  ]  Ignoring file as matched an ignore pattern: ERR2117288_S1.trim_fastqc.html
[2019-05-24 12:01:18,266] multiqc                                            [DEBUG  ]  Ignoring file as matched an ignore pattern: ERR2036631_S2.trim_fastqc.html
[2019-05-24 12:01:18,266] multiqc                                            [DEBUG  ]  Ignoring file as matched an ignore pattern: ERR2036633_S2.trim_fastqc.html
[2019-05-24 12:01:18,267] multiqc                                            [DEBUG  ]  Ignoring file as matched an ignore pattern: ERR2117290_S1.trim_fastqc.html
[2019-05-24 12:01:18,267] multiqc                                            [DEBUG  ]  Ignoring file as matched an ignore pattern: ERR2117290_S2.trim_fastqc.html
[2019-05-24 12:01:18,267] multiqc                                            [DEBUG  ]  Ignoring file as matched an ignore pattern: ERR2036633_S1.trim_fastqc.html
[2019-05-24 12:01:18,268] multiqc                                            [DEBUG  ]  Ignoring file as matched an ignore pattern: ERR2036630_S1.trim_fastqc.html
[2019-05-24 12:01:18,268] multiqc                                            [DEBUG  ]  Ignoring file as matched an ignore pattern: ERR2117289_S1.trim_fastqc.html
[2019-05-24 12:01:18,268] multiqc                                            [DEBUG  ]  Ignoring file as matched an ignore pattern: ERR2117292_S2.trim_fastqc.html
[2019-05-24 12:01:18,269] multiqc                                            [DEBUG  ]  Ignoring file as matched an ignore pattern: ERR2036632_S2.trim_fastqc.html
[2019-05-24 12:01:18,461] multiqc                                            [DEBUG  ]  No samples found: custom_content
[2019-05-24 12:01:18,465] multiqc                                            [DEBUG  ]  No samples found: conpair
[2019-05-24 12:01:18,468] multiqc                                            [DEBUG  ]  No samples found: peddy
[2019-05-24 12:01:18,470] multiqc                                            [DEBUG  ]  No samples found: methylQA
[2019-05-24 12:01:18,473] multiqc                                            [DEBUG  ]  No samples found: phantompeakqualtools
[2019-05-24 12:01:18,476] multiqc                                            [DEBUG  ]  No samples found: qualimap
[2019-05-24 12:01:18,479] multiqc                                            [DEBUG  ]  No samples found: preseq
[2019-05-24 12:01:18,482] multiqc                                            [DEBUG  ]  No samples found: quast
[2019-05-24 12:01:18,484] multiqc                                            [DEBUG  ]  No samples found: qorts
[2019-05-24 12:01:18,487] multiqc                                            [DEBUG  ]  No samples found: rna_seqc
[2019-05-24 12:01:18,490] multiqc                                            [DEBUG  ]  No samples found: rsem
[2019-05-24 12:01:18,494] multiqc                                            [DEBUG  ]  No samples found: rseqc
[2019-05-24 12:01:18,497] multiqc                                            [DEBUG  ]  No samples found: busco
[2019-05-24 12:01:18,499] multiqc                                            [DEBUG  ]  No samples found: goleft_indexcov
[2019-05-24 12:01:18,502] multiqc                                            [DEBUG  ]  No samples found: disambiguate
[2019-05-24 12:01:18,505] multiqc                                            [DEBUG  ]  No samples found: supernova
[2019-05-24 12:01:18,509] multiqc                                            [DEBUG  ]  No samples found: deeptools
[2019-05-24 12:01:18,512] multiqc                                            [DEBUG  ]  No samples found: sargasso
[2019-05-24 12:01:18,515] multiqc                                            [DEBUG  ]  No samples found: verifybamid
[2019-05-24 12:01:18,517] multiqc                                            [DEBUG  ]  No samples found: mirtrace
[2019-05-24 12:01:18,520] multiqc                                            [DEBUG  ]  No samples found: happy
[2019-05-24 12:01:18,523] multiqc                                            [DEBUG  ]  No samples found: homer
[2019-05-24 12:01:18,526] multiqc                                            [DEBUG  ]  No samples found: macs2
[2019-05-24 12:01:18,529] multiqc                                            [DEBUG  ]  No samples found: theta2
[2019-05-24 12:01:18,531] multiqc                                            [DEBUG  ]  No samples found: snpeff
[2019-05-24 12:01:18,535] multiqc                                            [DEBUG  ]  No samples found: gatk
[2019-05-24 12:01:18,537] multiqc                                            [DEBUG  ]  No samples found: htseq
[2019-05-24 12:01:18,540] multiqc                                            [DEBUG  ]  No samples found: bcftools
[2019-05-24 12:01:18,543] multiqc                                            [DEBUG  ]  No samples found: featureCounts
[2019-05-24 12:01:18,545] multiqc                                            [DEBUG  ]  No samples found: dedup
[2019-05-24 12:01:18,548] multiqc                                            [DEBUG  ]  No samples found: damageprofiler
[2019-05-24 12:01:18,553] multiqc                                            [DEBUG  ]  No samples found: picard
[2019-05-24 12:01:18,556] multiqc                                            [DEBUG  ]  No samples found: prokka
[2019-05-24 12:01:18,559] multiqc                                            [DEBUG  ]  No samples found: samblaster
[2019-05-24 12:01:18,562] multiqc                                            [DEBUG  ]  No samples found: samtools
[2019-05-24 12:01:18,565] multiqc                                            [DEBUG  ]  No samples found: bamtools
[2019-05-24 12:01:18,568] multiqc                                            [DEBUG  ]  No samples found: jellyfish
[2019-05-24 12:01:18,571] multiqc                                            [DEBUG  ]  No samples found: vcftools
[2019-05-24 12:01:18,574] multiqc                                            [DEBUG  ]  No samples found: longranger
[2019-05-24 12:01:18,578] multiqc                                            [DEBUG  ]  No samples found: stacks
[2019-05-24 12:01:18,583] multiqc                                            [DEBUG  ]  No samples found: bbmap
[2019-05-24 12:01:18,586] multiqc                                            [DEBUG  ]  No samples found: bismark
[2019-05-24 12:01:18,589] multiqc                                            [DEBUG  ]  No samples found: biscuit
[2019-05-24 12:01:18,591] multiqc                                            [DEBUG  ]  No samples found: hicexplorer
[2019-05-24 12:01:18,595] multiqc                                            [DEBUG  ]  No samples found: hicup
[2019-05-24 12:01:18,598] multiqc                                            [DEBUG  ]  No samples found: hicpro
[2019-05-24 12:01:18,601] multiqc                                            [DEBUG  ]  No samples found: salmon
[2019-05-24 12:01:18,604] multiqc                                            [DEBUG  ]  No samples found: kallisto
[2019-05-24 12:01:18,606] multiqc                                            [DEBUG  ]  No samples found: slamdunk
[2019-05-24 12:01:18,609] multiqc                                            [DEBUG  ]  No samples found: star
[2019-05-24 12:01:18,612] multiqc                                            [DEBUG  ]  No samples found: hisat2
[2019-05-24 12:01:18,615] multiqc                                            [DEBUG  ]  No samples found: tophat
[2019-05-24 12:01:18,618] multiqc                                            [DEBUG  ]  No samples found: bowtie2
[2019-05-24 12:01:18,620] multiqc                                            [DEBUG  ]  No samples found: bowtie1
[2019-05-24 12:01:18,623] multiqc                                            [DEBUG  ]  No samples found: kat
[2019-05-24 12:01:18,626] multiqc                                            [DEBUG  ]  No samples found: leehom
[2019-05-24 12:01:18,629] multiqc                                            [DEBUG  ]  No samples found: adapterRemoval
[2019-05-24 12:01:18,631] multiqc                                            [DEBUG  ]  No samples found: clipandmerge
[2019-05-24 12:01:18,634] multiqc                                            [DEBUG  ]  No samples found: cutadapt
[2019-05-24 12:01:18,637] multiqc                                            [DEBUG  ]  No samples found: flexbar
[2019-05-24 12:01:18,639] multiqc                                            [DEBUG  ]  No samples found: trimmomatic
[2019-05-24 12:01:18,642] multiqc                                            [DEBUG  ]  No samples found: skewer
[2019-05-24 12:01:18,645] multiqc                                            [DEBUG  ]  No samples found: sortmerna
[2019-05-24 12:01:18,647] multiqc                                            [DEBUG  ]  No samples found: biobloomtools
[2019-05-24 12:01:18,650] multiqc                                            [DEBUG  ]  No samples found: fastq_screen
[2019-05-24 12:01:18,653] multiqc                                            [DEBUG  ]  No samples found: afterqc
[2019-05-24 12:01:18,655] multiqc                                            [DEBUG  ]  No samples found: fastp
[2019-05-24 12:01:19,130] multiqc.modules.fastqc.fastqc                      [INFO   ]  Found 20 reports
[2019-05-24 12:01:19,519] multiqc                                            [DEBUG  ]  No samples found: minionqc
[2019-05-24 12:01:19,522] multiqc                                            [DEBUG  ]  No samples found: clusterflow
[2019-05-24 12:01:19,525] multiqc                                            [DEBUG  ]  No samples found: bcl2fastq
[2019-05-24 12:01:19,528] multiqc                                            [DEBUG  ]  No samples found: interop
[2019-05-24 12:01:19,531] multiqc                                            [DEBUG  ]  No samples found: flash
[2019-05-24 12:01:19,556] multiqc                                            [INFO   ]  Compressing plot data
[2019-05-24 12:01:19,855] multiqc                                            [INFO   ]  Report      : multiqc_report.html
[2019-05-24 12:01:19,855] multiqc                                            [INFO   ]  Data        : multiqc_data
[2019-05-24 12:01:19,855] multiqc                                            [DEBUG  ]  Moving data file from '/tmp/tmph7nhylkq/multiqc_data/multiqc_general_stats.txt' to '/home/arnar/Documents/GitHub/GenomeAnalysis/fastqc_output/trim/single/multiqc_data'
[2019-05-24 12:01:19,855] multiqc                                            [DEBUG  ]  Moving data file from '/tmp/tmph7nhylkq/multiqc_data/multiqc_data.json' to '/home/arnar/Documents/GitHub/GenomeAnalysis/fastqc_output/trim/single/multiqc_data'
[2019-05-24 12:01:19,856] multiqc                                            [DEBUG  ]  Moving data file from '/tmp/tmph7nhylkq/multiqc_data/multiqc_fastqc.txt' to '/home/arnar/Documents/GitHub/GenomeAnalysis/fastqc_output/trim/single/multiqc_data'
[2019-05-24 12:01:19,856] multiqc                                            [DEBUG  ]  Moving data file from '/tmp/tmph7nhylkq/multiqc_data/multiqc_sources.txt' to '/home/arnar/Documents/GitHub/GenomeAnalysis/fastqc_output/trim/single/multiqc_data'
[2019-05-24 12:01:19,986] multiqc                                            [INFO   ]  MultiQC complete
