[2019-05-24 11:54:36,559] multiqc                                            [DEBUG  ]  No MultiQC config found: /home/arnar/anaconda3/lib/python3.7/site-packages/multiqc_config.yaml
[2019-05-24 11:54:36,559] multiqc                                            [DEBUG  ]  No MultiQC config found: /home/arnar/.multiqc_config.yaml
[2019-05-24 11:54:36,559] multiqc                                            [DEBUG  ]  No MultiQC config found: multiqc_config.yaml
[2019-05-24 11:54:36,559] multiqc                                            [DEBUG  ]  Command used: /home/arnar/anaconda3/bin/multiqc .
[2019-05-24 11:54:37,221] multiqc                                            [DEBUG  ]  Latest MultiQC version is v1.7
[2019-05-24 11:54:37,221] multiqc                                            [INFO   ]  This is MultiQC v1.7
[2019-05-24 11:54:37,221] multiqc                                            [DEBUG  ]  Command     : /home/arnar/anaconda3/bin/multiqc .
[2019-05-24 11:54:37,222] multiqc                                            [DEBUG  ]  Working dir : /home/arnar/Documents/GitHub/GenomeAnalysis/fastqc_output/notrim
[2019-05-24 11:54:37,222] multiqc                                            [INFO   ]  Template    : default
[2019-05-24 11:54:37,222] multiqc                                            [INFO   ]  Searching '.'
[2019-05-24 11:54:37,222] multiqc                                            [DEBUG  ]  Analysing modules: custom_content, conpair, peddy, methylQA, phantompeakqualtools, qualimap, preseq, quast, qorts, rna_seqc, rsem, rseqc, busco, goleft_indexcov, disambiguate, supernova, deeptools, sargasso, verifybamid, mirtrace, happy, homer, macs2, theta2, snpeff, gatk, htseq, bcftools, featureCounts, dedup, damageprofiler, picard, prokka, samblaster, samtools, bamtools, jellyfish, vcftools, longranger, stacks, bbmap, bismark, biscuit, hicexplorer, hicup, hicpro, salmon, kallisto, slamdunk, star, hisat2, tophat, bowtie2, bowtie1, kat, leehom, adapterRemoval, clipandmerge, cutadapt, flexbar, trimmomatic, skewer, sortmerna, biobloomtools, fastq_screen, afterqc, fastp, fastqc, minionqc, clusterflow, bcl2fastq, interop, flash
[2019-05-24 11:54:37,223] multiqc                                            [DEBUG  ]  Using temporary directory for creating report: /tmp/tmpqggoru9_
[2019-05-24 11:54:37,295] multiqc                                            [DEBUG  ]  Ignoring file as matched an ignore pattern: ERR2117289_2_fastqc.html
[2019-05-24 11:54:37,295] multiqc                                            [DEBUG  ]  Ignoring file as matched an ignore pattern: ERR2036632_2_fastqc.html
[2019-05-24 11:54:37,300] multiqc                                            [DEBUG  ]  Ignoring file as matched an ignore pattern: ERR2036629_1_fastqc.html
[2019-05-24 11:54:37,301] multiqc                                            [DEBUG  ]  Ignoring file as matched an ignore pattern: ERR2036630_1_fastqc.html
[2019-05-24 11:54:37,302] multiqc                                            [DEBUG  ]  Ignoring file as matched an ignore pattern: ERR2117290_1_fastqc.html
[2019-05-24 11:54:37,302] multiqc                                            [DEBUG  ]  Ignoring file as matched an ignore pattern: ERR2036630_2_fastqc.html
[2019-05-24 11:54:37,303] multiqc                                            [DEBUG  ]  Ignoring file as matched an ignore pattern: ERR2036631_1_fastqc.html
[2019-05-24 11:54:37,303] multiqc                                            [DEBUG  ]  Ignoring file as matched an ignore pattern: ERR2036632_1_fastqc.html
[2019-05-24 11:54:37,303] multiqc                                            [DEBUG  ]  Ignoring file as matched an ignore pattern: ERR2117289_1_fastqc.html
[2019-05-24 11:54:37,303] multiqc                                            [DEBUG  ]  Ignoring file as matched an ignore pattern: ERR2036629_2_fastqc.html
[2019-05-24 11:54:37,304] multiqc                                            [DEBUG  ]  Ignoring file as matched an ignore pattern: ERR2036633_2_fastqc.html
[2019-05-24 11:54:37,304] multiqc                                            [DEBUG  ]  Ignoring file as matched an ignore pattern: ERR2117291_1_fastqc.html
[2019-05-24 11:54:37,304] multiqc                                            [DEBUG  ]  Ignoring file as matched an ignore pattern: ERR2117288_2_fastqc.html
[2019-05-24 11:54:37,304] multiqc                                            [DEBUG  ]  Ignoring file as matched an ignore pattern: ERR2117288_1_fastqc.html
[2019-05-24 11:54:37,305] multiqc                                            [DEBUG  ]  Ignoring file as matched an ignore pattern: ERR2117290_2_fastqc.html
[2019-05-24 11:54:37,305] multiqc                                            [DEBUG  ]  Ignoring file as matched an ignore pattern: ERR2036631_2_fastqc.html
[2019-05-24 11:54:37,305] multiqc                                            [DEBUG  ]  Ignoring file as matched an ignore pattern: ERR2117292_2_fastqc.html
[2019-05-24 11:54:37,306] multiqc                                            [DEBUG  ]  Ignoring file as matched an ignore pattern: ERR2117291_2_fastqc.html
[2019-05-24 11:54:37,306] multiqc                                            [DEBUG  ]  Ignoring file as matched an ignore pattern: ERR2117292_1_fastqc.html
[2019-05-24 11:54:37,306] multiqc                                            [DEBUG  ]  Ignoring file as matched an ignore pattern: ERR2036633_1_fastqc.html
[2019-05-24 11:54:37,570] multiqc                                            [DEBUG  ]  No samples found: custom_content
[2019-05-24 11:54:37,579] multiqc                                            [DEBUG  ]  No samples found: conpair
[2019-05-24 11:54:37,586] multiqc                                            [DEBUG  ]  No samples found: peddy
[2019-05-24 11:54:37,593] multiqc                                            [DEBUG  ]  No samples found: methylQA
[2019-05-24 11:54:37,599] multiqc                                            [DEBUG  ]  No samples found: phantompeakqualtools
[2019-05-24 11:54:37,608] multiqc                                            [DEBUG  ]  No samples found: qualimap
[2019-05-24 11:54:37,615] multiqc                                            [DEBUG  ]  No samples found: preseq
[2019-05-24 11:54:37,622] multiqc                                            [DEBUG  ]  No samples found: quast
[2019-05-24 11:54:37,630] multiqc                                            [DEBUG  ]  No samples found: qorts
[2019-05-24 11:54:37,636] multiqc                                            [DEBUG  ]  No samples found: rna_seqc
[2019-05-24 11:54:37,643] multiqc                                            [DEBUG  ]  No samples found: rsem
[2019-05-24 11:54:37,653] multiqc                                            [DEBUG  ]  No samples found: rseqc
[2019-05-24 11:54:37,659] multiqc                                            [DEBUG  ]  No samples found: busco
[2019-05-24 11:54:37,662] multiqc                                            [DEBUG  ]  No samples found: goleft_indexcov
[2019-05-24 11:54:37,666] multiqc                                            [DEBUG  ]  No samples found: disambiguate
[2019-05-24 11:54:37,669] multiqc                                            [DEBUG  ]  No samples found: supernova
[2019-05-24 11:54:37,675] multiqc                                            [DEBUG  ]  No samples found: deeptools
[2019-05-24 11:54:37,680] multiqc                                            [DEBUG  ]  No samples found: sargasso
[2019-05-24 11:54:37,684] multiqc                                            [DEBUG  ]  No samples found: verifybamid
[2019-05-24 11:54:37,687] multiqc                                            [DEBUG  ]  No samples found: mirtrace
[2019-05-24 11:54:37,690] multiqc                                            [DEBUG  ]  No samples found: happy
[2019-05-24 11:54:37,695] multiqc                                            [DEBUG  ]  No samples found: homer
[2019-05-24 11:54:37,698] multiqc                                            [DEBUG  ]  No samples found: macs2
[2019-05-24 11:54:37,701] multiqc                                            [DEBUG  ]  No samples found: theta2
[2019-05-24 11:54:37,705] multiqc                                            [DEBUG  ]  No samples found: snpeff
[2019-05-24 11:54:37,709] multiqc                                            [DEBUG  ]  No samples found: gatk
[2019-05-24 11:54:37,712] multiqc                                            [DEBUG  ]  No samples found: htseq
[2019-05-24 11:54:37,716] multiqc                                            [DEBUG  ]  No samples found: bcftools
[2019-05-24 11:54:37,719] multiqc                                            [DEBUG  ]  No samples found: featureCounts
[2019-05-24 11:54:37,722] multiqc                                            [DEBUG  ]  No samples found: dedup
[2019-05-24 11:54:37,725] multiqc                                            [DEBUG  ]  No samples found: damageprofiler
[2019-05-24 11:54:37,732] multiqc                                            [DEBUG  ]  No samples found: picard
[2019-05-24 11:54:37,735] multiqc                                            [DEBUG  ]  No samples found: prokka
[2019-05-24 11:54:37,738] multiqc                                            [DEBUG  ]  No samples found: samblaster
[2019-05-24 11:54:37,743] multiqc                                            [DEBUG  ]  No samples found: samtools
[2019-05-24 11:54:37,751] multiqc                                            [DEBUG  ]  No samples found: bamtools
[2019-05-24 11:54:37,756] multiqc                                            [DEBUG  ]  No samples found: jellyfish
[2019-05-24 11:54:37,765] multiqc                                            [DEBUG  ]  No samples found: vcftools
[2019-05-24 11:54:37,769] multiqc                                            [DEBUG  ]  No samples found: longranger
[2019-05-24 11:54:37,772] multiqc                                            [DEBUG  ]  No samples found: stacks
[2019-05-24 11:54:37,778] multiqc                                            [DEBUG  ]  No samples found: bbmap
[2019-05-24 11:54:37,782] multiqc                                            [DEBUG  ]  No samples found: bismark
[2019-05-24 11:54:37,785] multiqc                                            [DEBUG  ]  No samples found: biscuit
[2019-05-24 11:54:37,790] multiqc                                            [DEBUG  ]  No samples found: hicexplorer
[2019-05-24 11:54:37,793] multiqc                                            [DEBUG  ]  No samples found: hicup
[2019-05-24 11:54:37,796] multiqc                                            [DEBUG  ]  No samples found: hicpro
[2019-05-24 11:54:37,799] multiqc                                            [DEBUG  ]  No samples found: salmon
[2019-05-24 11:54:37,802] multiqc                                            [DEBUG  ]  No samples found: kallisto
[2019-05-24 11:54:37,806] multiqc                                            [DEBUG  ]  No samples found: slamdunk
[2019-05-24 11:54:37,809] multiqc                                            [DEBUG  ]  No samples found: star
[2019-05-24 11:54:37,813] multiqc                                            [DEBUG  ]  No samples found: hisat2
[2019-05-24 11:54:37,816] multiqc                                            [DEBUG  ]  No samples found: tophat
[2019-05-24 11:54:37,819] multiqc                                            [DEBUG  ]  No samples found: bowtie2
[2019-05-24 11:54:37,822] multiqc                                            [DEBUG  ]  No samples found: bowtie1
[2019-05-24 11:54:37,826] multiqc                                            [DEBUG  ]  No samples found: kat
[2019-05-24 11:54:37,830] multiqc                                            [DEBUG  ]  No samples found: leehom
[2019-05-24 11:54:37,833] multiqc                                            [DEBUG  ]  No samples found: adapterRemoval
[2019-05-24 11:54:37,837] multiqc                                            [DEBUG  ]  No samples found: clipandmerge
[2019-05-24 11:54:37,839] multiqc                                            [DEBUG  ]  No samples found: cutadapt
[2019-05-24 11:54:37,843] multiqc                                            [DEBUG  ]  No samples found: flexbar
[2019-05-24 11:54:37,846] multiqc                                            [DEBUG  ]  No samples found: trimmomatic
[2019-05-24 11:54:37,849] multiqc                                            [DEBUG  ]  No samples found: skewer
[2019-05-24 11:54:37,852] multiqc                                            [DEBUG  ]  No samples found: sortmerna
[2019-05-24 11:54:37,855] multiqc                                            [DEBUG  ]  No samples found: biobloomtools
[2019-05-24 11:54:37,859] multiqc                                            [DEBUG  ]  No samples found: fastq_screen
[2019-05-24 11:54:37,862] multiqc                                            [DEBUG  ]  No samples found: afterqc
[2019-05-24 11:54:37,865] multiqc                                            [DEBUG  ]  No samples found: fastp
[2019-05-24 11:54:38,475] multiqc.modules.fastqc.fastqc                      [INFO   ]  Found 20 reports
[2019-05-24 11:54:39,083] multiqc                                            [DEBUG  ]  No samples found: minionqc
[2019-05-24 11:54:39,086] multiqc                                            [DEBUG  ]  No samples found: clusterflow
[2019-05-24 11:54:39,093] multiqc                                            [DEBUG  ]  No samples found: bcl2fastq
[2019-05-24 11:54:39,099] multiqc                                            [DEBUG  ]  No samples found: interop
[2019-05-24 11:54:39,103] multiqc                                            [DEBUG  ]  No samples found: flash
[2019-05-24 11:54:39,131] multiqc                                            [INFO   ]  Compressing plot data
[2019-05-24 11:54:39,568] multiqc                                            [INFO   ]  Report      : multiqc_report.html
[2019-05-24 11:54:39,568] multiqc                                            [INFO   ]  Data        : multiqc_data
[2019-05-24 11:54:39,568] multiqc                                            [DEBUG  ]  Moving data file from '/tmp/tmpqggoru9_/multiqc_data/multiqc_general_stats.txt' to '/home/arnar/Documents/GitHub/GenomeAnalysis/fastqc_output/notrim/multiqc_data'
[2019-05-24 11:54:39,568] multiqc                                            [DEBUG  ]  Moving data file from '/tmp/tmpqggoru9_/multiqc_data/multiqc_data.json' to '/home/arnar/Documents/GitHub/GenomeAnalysis/fastqc_output/notrim/multiqc_data'
[2019-05-24 11:54:39,568] multiqc                                            [DEBUG  ]  Moving data file from '/tmp/tmpqggoru9_/multiqc_data/multiqc_fastqc.txt' to '/home/arnar/Documents/GitHub/GenomeAnalysis/fastqc_output/notrim/multiqc_data'
[2019-05-24 11:54:39,569] multiqc                                            [DEBUG  ]  Moving data file from '/tmp/tmpqggoru9_/multiqc_data/multiqc_sources.txt' to '/home/arnar/Documents/GitHub/GenomeAnalysis/fastqc_output/notrim/multiqc_data'
[2019-05-24 11:54:39,685] multiqc                                            [INFO   ]  MultiQC complete
