/sw/bioinfo/quast/4.5.4/rackham/bin/quast.py lferriphilum.contigs.fasta -t 4

Version: 4.5.4

System information:
  OS: Linux-3.10.0-957.10.1.el7.x86_64-x86_64-with-centos-7.6.1810-Core (linux_64)
  Python version: 2.7.6
  CPUs number: 20

Started: 2019-04-05 09:19:28

Logging to /domus/h1/akss94/GenomeAnalysis/GenomeAnalysis/analyses/20190405_Canu_results/quast_results/results_2019_04_05_09_19_27/quast.log

CWD: /domus/h1/akss94/GenomeAnalysis/GenomeAnalysis/analyses/20190405_Canu_results
Main parameters: 
  Threads: 4, minimum contig length: 500, ambiguity: one, threshold for extensive misassembly size: 1000

Contigs:
  Pre-processing...
  lferriphilum.contigs.fasta ==> lferriphilum.contigs

2019-04-05 09:19:34
Running Basic statistics processor...
  Contig files: 
    lferriphilum.contigs
  Calculating N50 and L50...
    lferriphilum.contigs, N50 = 2577733, L50 = 1, Total length = 2794451, GC % = 53.72, # N's per 100 kbp =  0.00
  Drawing Nx plot...
    saved to /domus/h1/akss94/GenomeAnalysis/GenomeAnalysis/analyses/20190405_Canu_results/quast_results/results_2019_04_05_09_19_27/basic_stats/Nx_plot.pdf
  Drawing cumulative plot...
    saved to /domus/h1/akss94/GenomeAnalysis/GenomeAnalysis/analyses/20190405_Canu_results/quast_results/results_2019_04_05_09_19_27/basic_stats/cumulative_plot.pdf
  Drawing GC content plot...
    saved to /domus/h1/akss94/GenomeAnalysis/GenomeAnalysis/analyses/20190405_Canu_results/quast_results/results_2019_04_05_09_19_27/basic_stats/GC_content_plot.pdf
  Drawing lferriphilum.contigs GC content plot...
    saved to /domus/h1/akss94/GenomeAnalysis/GenomeAnalysis/analyses/20190405_Canu_results/quast_results/results_2019_04_05_09_19_27/basic_stats/lferriphilum.contigs_GC_content_plot.pdf
Done.

NOTICE: Genes are not predicted by default. Use --gene-finding option to enable it.

2019-04-05 09:19:36
Creating large visual summaries...
This may take a while: press Ctrl-C to skip this step..
  1 of 2: Creating Icarus viewers...
  2 of 2: Creating PDF with all tables and plots...
Done

2019-04-05 09:19:37
RESULTS:
  Text versions of total report are saved to /domus/h1/akss94/GenomeAnalysis/GenomeAnalysis/analyses/20190405_Canu_results/quast_results/results_2019_04_05_09_19_27/report.txt, report.tsv, and report.tex
  Text versions of transposed total report are saved to /domus/h1/akss94/GenomeAnalysis/GenomeAnalysis/analyses/20190405_Canu_results/quast_results/results_2019_04_05_09_19_27/transposed_report.txt, transposed_report.tsv, and transposed_report.tex
  HTML version (interactive tables and plots) saved to /domus/h1/akss94/GenomeAnalysis/GenomeAnalysis/analyses/20190405_Canu_results/quast_results/results_2019_04_05_09_19_27/report.html
  PDF version (tables and plots) is saved to /domus/h1/akss94/GenomeAnalysis/GenomeAnalysis/analyses/20190405_Canu_results/quast_results/results_2019_04_05_09_19_27/report.pdf
  Icarus (contig browser) is saved to /domus/h1/akss94/GenomeAnalysis/GenomeAnalysis/analyses/20190405_Canu_results/quast_results/results_2019_04_05_09_19_27/icarus.html
  Log saved to /domus/h1/akss94/GenomeAnalysis/GenomeAnalysis/analyses/20190405_Canu_results/quast_results/results_2019_04_05_09_19_27/quast.log

Finished: 2019-04-05 09:19:37
Elapsed time: 0:00:09.442728
NOTICEs: 1; WARNINGs: 0; non-fatal ERRORs: 0

Thank you for using QUAST!
