/sw/bioinfo/quast/4.5.4/rackham/bin/quast.py lferriphilum_1contig.fasta -R AAWO01.fasta -t 4

Version: 4.5.4

System information:
  OS: Linux-3.10.0-957.10.1.el7.x86_64-x86_64-with-centos-7.6.1810-Core (linux_64)
  Python version: 2.7.6
  CPUs number: 20

Started: 2019-04-11 13:21:07

Logging to /domus/h1/akss94/GenomeAnalysis/GenomeAnalysis/analyses/20190405_Canu_results/quast_results/results_2019_04_11_13_21_06/quast.log

CWD: /domus/h1/akss94/GenomeAnalysis/GenomeAnalysis/analyses/20190405_Canu_results
Main parameters: 
  Threads: 4, minimum contig length: 500, ambiguity: one, threshold for extensive misassembly size: 1000

Reference:
  AAWO01.fasta ==> AAWO01

Contigs:
  Pre-processing...
  lferriphilum_1contig.fasta ==> lferriphilum_1contig

2019-04-11 13:21:11
Running Basic statistics processor...
  Reference genome:
    AAWO01.fasta, length = 2632898, num fragments = 87, GC % = 54.70
WARNING:   Reference genome is fragmented. You may consider rerunning QUAST using --fragmented option. QUAST will try to detect misassemblies caused by the fragmentation and mark them fake (will be excluded from # misassemblies).
  Contig files: 
    lferriphilum_1contig
  Calculating N50 and L50...
    lferriphilum_1contig, N50 = 2577733, L50 = 1, Total length = 2577733, GC % = 54.22, # N's per 100 kbp =  0.00
  Drawing Nx plot...
    saved to /domus/h1/akss94/GenomeAnalysis/GenomeAnalysis/analyses/20190405_Canu_results/quast_results/results_2019_04_11_13_21_06/basic_stats/Nx_plot.pdf
  Drawing NGx plot...
    saved to /domus/h1/akss94/GenomeAnalysis/GenomeAnalysis/analyses/20190405_Canu_results/quast_results/results_2019_04_11_13_21_06/basic_stats/NGx_plot.pdf
  Drawing cumulative plot...
    saved to /domus/h1/akss94/GenomeAnalysis/GenomeAnalysis/analyses/20190405_Canu_results/quast_results/results_2019_04_11_13_21_06/basic_stats/cumulative_plot.pdf
  Drawing GC content plot...
    saved to /domus/h1/akss94/GenomeAnalysis/GenomeAnalysis/analyses/20190405_Canu_results/quast_results/results_2019_04_11_13_21_06/basic_stats/GC_content_plot.pdf
  Drawing lferriphilum_1contig GC content plot...
    saved to /domus/h1/akss94/GenomeAnalysis/GenomeAnalysis/analyses/20190405_Canu_results/quast_results/results_2019_04_11_13_21_06/basic_stats/lferriphilum_1contig_GC_content_plot.pdf
Done.

2019-04-11 13:21:14
Running Contig analyzer...
  lferriphilum_1contig
  Logging to files /domus/h1/akss94/GenomeAnalysis/GenomeAnalysis/analyses/20190405_Canu_results/quast_results/results_2019_04_11_13_21_06/contigs_reports/contigs_report_lferriphilum_1contig.stdout and contigs_report_lferriphilum_1contig.stderr...
  Aligning contigs to the reference
  /sw/bioinfo/quast/4.5.4/rackham/lib/python2.7/site-packages/quast_libs/MUMmer/nucmer \
  -c 65 -l 65 --maxmatch -p quast_results/results_2019_04_11_13_21_06/contigs_reports/nucmer_output/lferriphilum_1contig \
  --emem -t 4 quast_results/results_2019_04_11_13_21_06/quast_corrected_input/AAWO01.fasta \
  quast_results/results_2019_04_11_13_21_06/quast_corrected_input/lferriphilum_1contig.fasta \
  >> quast_results/results_2019_04_11_13_21_06/contigs_reports/contigs_report_lferriphilum_1contig.stdout \
  2>> quast_results/results_2019_04_11_13_21_06/contigs_reports/contigs_report_lferriphilum_1contig.stderr
  /sw/bioinfo/quast/4.5.4/rackham/lib/python2.7/site-packages/quast_libs/MUMmer/delta-filter \
  -i 95.0 -l 0 quast_results/results_2019_04_11_13_21_06/contigs_reports/nucmer_output/lferriphilum_1contig.delta \
  > quast_results/results_2019_04_11_13_21_06/contigs_reports/nucmer_output/lferriphilum_1contig.fdelta \
  2> quast_results/results_2019_04_11_13_21_06/contigs_reports/contigs_report_lferriphilum_1contig.stderr
  /sw/bioinfo/quast/4.5.4/rackham/lib/python2.7/site-packages/quast_libs/MUMmer/mummerplot \
  --html --layout -p quast_results/results_2019_04_11_13_21_06/contigs_reports/nucmer_output/lferriphilum_1contig \
  quast_results/results_2019_04_11_13_21_06/contigs_reports/nucmer_output/lferriphilum_1contig.delta \
  > quast_results/results_2019_04_11_13_21_06/contigs_reports/contigs_report_lferriphilum_1contig.stdout \
  2> quast_results/results_2019_04_11_13_21_06/contigs_reports/contigs_report_lferriphilum_1contig.stderr
  /sw/bioinfo/quast/4.5.4/rackham/lib/python2.7/site-packages/quast_libs/gnuplot/src/gnuplot \
  quast_results/results_2019_04_11_13_21_06/contigs_reports/nucmer_output/lferriphilum_1contig.gp \
  > /dev/null 2> quast_results/results_2019_04_11_13_21_06/contigs_reports/contigs_report_lferriphilum_1contig.stderr
  MUMmer plot saved to /domus/h1/akss94/GenomeAnalysis/GenomeAnalysis/analyses/20190405_Canu_results/quast_results/results_2019_04_11_13_21_06/contigs_reports/lferriphilum_1contig_mummerplot.html
  /sw/bioinfo/quast/4.5.4/rackham/lib/python2.7/site-packages/quast_libs/MUMmer/show-coords \
  quast_results/results_2019_04_11_13_21_06/contigs_reports/nucmer_output/lferriphilum_1contig.delta \
  > quast_results/results_2019_04_11_13_21_06/contigs_reports/nucmer_output/lferriphilum_1contig.coords_tmp \
  2> quast_results/results_2019_04_11_13_21_06/contigs_reports/contigs_report_lferriphilum_1contig.stderr
  /sw/bioinfo/quast/4.5.4/rackham/lib/python2.7/site-packages/quast_libs/MUMmer/show-snps \
  -S -T -H quast_results/results_2019_04_11_13_21_06/contigs_reports/nucmer_output/lferriphilum_1contig.delta \
  < quast_results/results_2019_04_11_13_21_06/contigs_reports/nucmer_output/lferriphilum_1contig.coords.headless \
  > quast_results/results_2019_04_11_13_21_06/contigs_reports/nucmer_output/lferriphilum_1contig.all_snps \
  2> quast_results/results_2019_04_11_13_21_06/contigs_reports/contigs_report_lferriphilum_1contig.stderr
  Analysis is finished.

  Gzipping /domus/h1/akss94/GenomeAnalysis/GenomeAnalysis/analyses/20190405_Canu_results/quast_results/results_2019_04_11_13_21_06/contigs_reports/nucmer_output/lferriphilum_1contig.all_snps to reduce disk space usage...
    saved to /domus/h1/akss94/GenomeAnalysis/GenomeAnalysis/analyses/20190405_Canu_results/quast_results/results_2019_04_11_13_21_06/contigs_reports/nucmer_output/lferriphilum_1contig.all_snps.gz
  Creating total report...
    saved to /domus/h1/akss94/GenomeAnalysis/GenomeAnalysis/analyses/20190405_Canu_results/quast_results/results_2019_04_11_13_21_06/contigs_reports/misassemblies_report.txt, misassemblies_report.tsv, and misassemblies_report.tex
  Transposed version of total report...
    saved to /domus/h1/akss94/GenomeAnalysis/GenomeAnalysis/analyses/20190405_Canu_results/quast_results/results_2019_04_11_13_21_06/contigs_reports/transposed_report_misassemblies.txt, transposed_report_misassemblies.tsv, and transposed_report_misassemblies.tex
  Creating total report...
    saved to /domus/h1/akss94/GenomeAnalysis/GenomeAnalysis/analyses/20190405_Canu_results/quast_results/results_2019_04_11_13_21_06/contigs_reports/unaligned_report.txt, unaligned_report.tsv, and unaligned_report.tex
  Drawing misassemblies by types plot...
    saved to /domus/h1/akss94/GenomeAnalysis/GenomeAnalysis/analyses/20190405_Canu_results/quast_results/results_2019_04_11_13_21_06/contigs_reports/misassemblies_plot.pdf
  Drawing misassemblies FRCurve plot...
    saved to /domus/h1/akss94/GenomeAnalysis/GenomeAnalysis/analyses/20190405_Canu_results/quast_results/results_2019_04_11_13_21_06/contigs_reports/misassemblies_frcurve_plot.pdf
Done.

2019-04-11 13:21:31
Running NA-NGA calculation...
  lferriphilum_1contig, Largest alignment = 176539, NA50 = None, LA50 = None
  Drawing cumulative plot...
    saved to /domus/h1/akss94/GenomeAnalysis/GenomeAnalysis/analyses/20190405_Canu_results/quast_results/results_2019_04_11_13_21_06/aligned_stats/cumulative_plot.pdf
  Drawing NAx plot...
    saved to /domus/h1/akss94/GenomeAnalysis/GenomeAnalysis/analyses/20190405_Canu_results/quast_results/results_2019_04_11_13_21_06/aligned_stats/NAx_plot.pdf
  Drawing NGAx plot...
    saved to /domus/h1/akss94/GenomeAnalysis/GenomeAnalysis/analyses/20190405_Canu_results/quast_results/results_2019_04_11_13_21_06/aligned_stats/NGAx_plot.pdf
Done.

2019-04-11 13:21:33
Running Genome analyzer...
  NOTICE: No file with genes provided. Use the -G option if you want to specify it.
  NOTICE: No file with operons provided. Use the -O option if you want to specify it.
  lferriphilum_1contig
  Analysis is finished.
  Skipping drawing Genome fraction, % histogram... (less than 2 columns histogram makes no sense)
Done.

NOTICE: Genes are not predicted by default. Use --gene-finding option to enable it.

2019-04-11 13:21:33
Creating large visual summaries...
This may take a while: press Ctrl-C to skip this step..
  1 of 2: Creating Icarus viewers...
  2 of 2: Creating PDF with all tables and plots...
Done

2019-04-11 13:21:36
RESULTS:
  Text versions of total report are saved to /domus/h1/akss94/GenomeAnalysis/GenomeAnalysis/analyses/20190405_Canu_results/quast_results/results_2019_04_11_13_21_06/report.txt, report.tsv, and report.tex
  Text versions of transposed total report are saved to /domus/h1/akss94/GenomeAnalysis/GenomeAnalysis/analyses/20190405_Canu_results/quast_results/results_2019_04_11_13_21_06/transposed_report.txt, transposed_report.tsv, and transposed_report.tex
  HTML version (interactive tables and plots) saved to /domus/h1/akss94/GenomeAnalysis/GenomeAnalysis/analyses/20190405_Canu_results/quast_results/results_2019_04_11_13_21_06/report.html
  PDF version (tables and plots) is saved to /domus/h1/akss94/GenomeAnalysis/GenomeAnalysis/analyses/20190405_Canu_results/quast_results/results_2019_04_11_13_21_06/report.pdf
  Icarus (contig browser) is saved to /domus/h1/akss94/GenomeAnalysis/GenomeAnalysis/analyses/20190405_Canu_results/quast_results/results_2019_04_11_13_21_06/icarus.html
  Log saved to /domus/h1/akss94/GenomeAnalysis/GenomeAnalysis/analyses/20190405_Canu_results/quast_results/results_2019_04_11_13_21_06/quast.log

Finished: 2019-04-11 13:21:36
Elapsed time: 0:00:28.859906
NOTICEs: 3; WARNINGs: 1; non-fatal ERRORs: 0

Thank you for using QUAST!
