[2019-05-24 12:01:04,583] multiqc                                            [DEBUG  ]  No MultiQC config found: /home/arnar/anaconda3/lib/python3.7/site-packages/multiqc_config.yaml
[2019-05-24 12:01:04,583] multiqc                                            [DEBUG  ]  No MultiQC config found: /home/arnar/.multiqc_config.yaml
[2019-05-24 12:01:04,583] multiqc                                            [DEBUG  ]  No MultiQC config found: multiqc_config.yaml
[2019-05-24 12:01:04,583] multiqc                                            [DEBUG  ]  Command used: /home/arnar/anaconda3/bin/multiqc .
[2019-05-24 12:01:05,244] multiqc                                            [DEBUG  ]  Latest MultiQC version is v1.7
[2019-05-24 12:01:05,245] multiqc                                            [INFO   ]  This is MultiQC v1.7
[2019-05-24 12:01:05,245] multiqc                                            [DEBUG  ]  Command     : /home/arnar/anaconda3/bin/multiqc .
[2019-05-24 12:01:05,245] multiqc                                            [DEBUG  ]  Working dir : /home/arnar/Documents/GitHub/GenomeAnalysis/fastqc_output/trim/paired
[2019-05-24 12:01:05,245] multiqc                                            [INFO   ]  Template    : default
[2019-05-24 12:01:05,246] multiqc                                            [INFO   ]  Searching '.'
[2019-05-24 12:01:05,247] multiqc                                            [DEBUG  ]  Analysing modules: custom_content, conpair, peddy, methylQA, phantompeakqualtools, qualimap, preseq, quast, qorts, rna_seqc, rsem, rseqc, busco, goleft_indexcov, disambiguate, supernova, deeptools, sargasso, verifybamid, mirtrace, happy, homer, macs2, theta2, snpeff, gatk, htseq, bcftools, featureCounts, dedup, damageprofiler, picard, prokka, samblaster, samtools, bamtools, jellyfish, vcftools, longranger, stacks, bbmap, bismark, biscuit, hicexplorer, hicup, hicpro, salmon, kallisto, slamdunk, star, hisat2, tophat, bowtie2, bowtie1, kat, leehom, adapterRemoval, clipandmerge, cutadapt, flexbar, trimmomatic, skewer, sortmerna, biobloomtools, fastq_screen, afterqc, fastp, fastqc, minionqc, clusterflow, bcl2fastq, interop, flash
[2019-05-24 12:01:05,247] multiqc                                            [DEBUG  ]  Using temporary directory for creating report: /tmp/tmp8qk5dqqd
[2019-05-24 12:01:05,316] multiqc                                            [DEBUG  ]  Ignoring file as matched an ignore pattern: ERR2036630_P2.trim_fastqc.html
[2019-05-24 12:01:05,317] multiqc                                            [DEBUG  ]  Ignoring file as matched an ignore pattern: ERR2117291_P2.trim_fastqc.html
[2019-05-24 12:01:05,317] multiqc                                            [DEBUG  ]  Ignoring file as matched an ignore pattern: ERR2036629_P1.trim_fastqc.html
[2019-05-24 12:01:05,317] multiqc                                            [DEBUG  ]  Ignoring file as matched an ignore pattern: ERR2036631_P2.trim_fastqc.html
[2019-05-24 12:01:05,319] multiqc                                            [DEBUG  ]  Ignoring file as matched an ignore pattern: ERR2117288_P2.trim_fastqc.html
[2019-05-24 12:01:05,319] multiqc                                            [DEBUG  ]  Ignoring file as matched an ignore pattern: ERR2036631_P1.trim_fastqc.html
[2019-05-24 12:01:05,319] multiqc                                            [DEBUG  ]  Ignoring file as matched an ignore pattern: ERR2117292_P2.trim_fastqc.html
[2019-05-24 12:01:05,319] multiqc                                            [DEBUG  ]  Ignoring file as matched an ignore pattern: ERR2036630_P1.trim_fastqc.html
[2019-05-24 12:01:05,319] multiqc                                            [DEBUG  ]  Ignoring file as matched an ignore pattern: ERR2117291_P1.trim_fastqc.html
[2019-05-24 12:01:05,320] multiqc                                            [DEBUG  ]  Ignoring file as matched an ignore pattern: ERR2036633_P1.trim_fastqc.html
[2019-05-24 12:01:05,320] multiqc                                            [DEBUG  ]  Ignoring file as matched an ignore pattern: ERR2036632_P1.trim_fastqc.html
[2019-05-24 12:01:05,321] multiqc                                            [DEBUG  ]  Ignoring file as matched an ignore pattern: ERR2117289_P2.trim_fastqc.html
[2019-05-24 12:01:05,321] multiqc                                            [DEBUG  ]  Ignoring file as matched an ignore pattern: ERR2117289_P1.trim_fastqc.html
[2019-05-24 12:01:05,321] multiqc                                            [DEBUG  ]  Ignoring file as matched an ignore pattern: ERR2117290_P1.trim_fastqc.html
[2019-05-24 12:01:05,321] multiqc                                            [DEBUG  ]  Ignoring file as matched an ignore pattern: ERR2036632_P2.trim_fastqc.html
[2019-05-24 12:01:05,322] multiqc                                            [DEBUG  ]  Ignoring file as matched an ignore pattern: ERR2036629_P2.trim_fastqc.html
[2019-05-24 12:01:05,322] multiqc                                            [DEBUG  ]  Ignoring file as matched an ignore pattern: ERR2117292_P1.trim_fastqc.html
[2019-05-24 12:01:05,322] multiqc                                            [DEBUG  ]  Ignoring file as matched an ignore pattern: ERR2036633_P2.trim_fastqc.html
[2019-05-24 12:01:05,322] multiqc                                            [DEBUG  ]  Ignoring file as matched an ignore pattern: ERR2117288_P1.trim_fastqc.html
[2019-05-24 12:01:05,322] multiqc                                            [DEBUG  ]  Ignoring file as matched an ignore pattern: ERR2117290_P2.trim_fastqc.html
[2019-05-24 12:01:05,519] multiqc                                            [DEBUG  ]  No samples found: custom_content
[2019-05-24 12:01:05,523] multiqc                                            [DEBUG  ]  No samples found: conpair
[2019-05-24 12:01:05,526] multiqc                                            [DEBUG  ]  No samples found: peddy
[2019-05-24 12:01:05,528] multiqc                                            [DEBUG  ]  No samples found: methylQA
[2019-05-24 12:01:05,531] multiqc                                            [DEBUG  ]  No samples found: phantompeakqualtools
[2019-05-24 12:01:05,535] multiqc                                            [DEBUG  ]  No samples found: qualimap
[2019-05-24 12:01:05,537] multiqc                                            [DEBUG  ]  No samples found: preseq
[2019-05-24 12:01:05,540] multiqc                                            [DEBUG  ]  No samples found: quast
[2019-05-24 12:01:05,543] multiqc                                            [DEBUG  ]  No samples found: qorts
[2019-05-24 12:01:05,546] multiqc                                            [DEBUG  ]  No samples found: rna_seqc
[2019-05-24 12:01:05,549] multiqc                                            [DEBUG  ]  No samples found: rsem
[2019-05-24 12:01:05,553] multiqc                                            [DEBUG  ]  No samples found: rseqc
[2019-05-24 12:01:05,556] multiqc                                            [DEBUG  ]  No samples found: busco
[2019-05-24 12:01:05,558] multiqc                                            [DEBUG  ]  No samples found: goleft_indexcov
[2019-05-24 12:01:05,562] multiqc                                            [DEBUG  ]  No samples found: disambiguate
[2019-05-24 12:01:05,565] multiqc                                            [DEBUG  ]  No samples found: supernova
[2019-05-24 12:01:05,570] multiqc                                            [DEBUG  ]  No samples found: deeptools
[2019-05-24 12:01:05,572] multiqc                                            [DEBUG  ]  No samples found: sargasso
[2019-05-24 12:01:05,575] multiqc                                            [DEBUG  ]  No samples found: verifybamid
[2019-05-24 12:01:05,578] multiqc                                            [DEBUG  ]  No samples found: mirtrace
[2019-05-24 12:01:05,581] multiqc                                            [DEBUG  ]  No samples found: happy
[2019-05-24 12:01:05,584] multiqc                                            [DEBUG  ]  No samples found: homer
[2019-05-24 12:01:05,587] multiqc                                            [DEBUG  ]  No samples found: macs2
[2019-05-24 12:01:05,589] multiqc                                            [DEBUG  ]  No samples found: theta2
[2019-05-24 12:01:05,592] multiqc                                            [DEBUG  ]  No samples found: snpeff
[2019-05-24 12:01:05,595] multiqc                                            [DEBUG  ]  No samples found: gatk
[2019-05-24 12:01:05,598] multiqc                                            [DEBUG  ]  No samples found: htseq
[2019-05-24 12:01:05,601] multiqc                                            [DEBUG  ]  No samples found: bcftools
[2019-05-24 12:01:05,604] multiqc                                            [DEBUG  ]  No samples found: featureCounts
[2019-05-24 12:01:05,606] multiqc                                            [DEBUG  ]  No samples found: dedup
[2019-05-24 12:01:05,609] multiqc                                            [DEBUG  ]  No samples found: damageprofiler
[2019-05-24 12:01:05,615] multiqc                                            [DEBUG  ]  No samples found: picard
[2019-05-24 12:01:05,617] multiqc                                            [DEBUG  ]  No samples found: prokka
[2019-05-24 12:01:05,620] multiqc                                            [DEBUG  ]  No samples found: samblaster
[2019-05-24 12:01:05,624] multiqc                                            [DEBUG  ]  No samples found: samtools
[2019-05-24 12:01:05,627] multiqc                                            [DEBUG  ]  No samples found: bamtools
[2019-05-24 12:01:05,629] multiqc                                            [DEBUG  ]  No samples found: jellyfish
[2019-05-24 12:01:05,633] multiqc                                            [DEBUG  ]  No samples found: vcftools
[2019-05-24 12:01:05,636] multiqc                                            [DEBUG  ]  No samples found: longranger
[2019-05-24 12:01:05,638] multiqc                                            [DEBUG  ]  No samples found: stacks
[2019-05-24 12:01:05,644] multiqc                                            [DEBUG  ]  No samples found: bbmap
[2019-05-24 12:01:05,649] multiqc                                            [DEBUG  ]  No samples found: bismark
[2019-05-24 12:01:05,654] multiqc                                            [DEBUG  ]  No samples found: biscuit
[2019-05-24 12:01:05,659] multiqc                                            [DEBUG  ]  No samples found: hicexplorer
[2019-05-24 12:01:05,662] multiqc                                            [DEBUG  ]  No samples found: hicup
[2019-05-24 12:01:05,665] multiqc                                            [DEBUG  ]  No samples found: hicpro
[2019-05-24 12:01:05,668] multiqc                                            [DEBUG  ]  No samples found: salmon
[2019-05-24 12:01:05,670] multiqc                                            [DEBUG  ]  No samples found: kallisto
[2019-05-24 12:01:05,673] multiqc                                            [DEBUG  ]  No samples found: slamdunk
[2019-05-24 12:01:05,676] multiqc                                            [DEBUG  ]  No samples found: star
[2019-05-24 12:01:05,679] multiqc                                            [DEBUG  ]  No samples found: hisat2
[2019-05-24 12:01:05,681] multiqc                                            [DEBUG  ]  No samples found: tophat
[2019-05-24 12:01:05,684] multiqc                                            [DEBUG  ]  No samples found: bowtie2
[2019-05-24 12:01:05,687] multiqc                                            [DEBUG  ]  No samples found: bowtie1
[2019-05-24 12:01:05,689] multiqc                                            [DEBUG  ]  No samples found: kat
[2019-05-24 12:01:05,692] multiqc                                            [DEBUG  ]  No samples found: leehom
[2019-05-24 12:01:05,695] multiqc                                            [DEBUG  ]  No samples found: adapterRemoval
[2019-05-24 12:01:05,698] multiqc                                            [DEBUG  ]  No samples found: clipandmerge
[2019-05-24 12:01:05,701] multiqc                                            [DEBUG  ]  No samples found: cutadapt
[2019-05-24 12:01:05,704] multiqc                                            [DEBUG  ]  No samples found: flexbar
[2019-05-24 12:01:05,707] multiqc                                            [DEBUG  ]  No samples found: trimmomatic
[2019-05-24 12:01:05,710] multiqc                                            [DEBUG  ]  No samples found: skewer
[2019-05-24 12:01:05,713] multiqc                                            [DEBUG  ]  No samples found: sortmerna
[2019-05-24 12:01:05,716] multiqc                                            [DEBUG  ]  No samples found: biobloomtools
[2019-05-24 12:01:05,719] multiqc                                            [DEBUG  ]  No samples found: fastq_screen
[2019-05-24 12:01:05,723] multiqc                                            [DEBUG  ]  No samples found: afterqc
[2019-05-24 12:01:05,726] multiqc                                            [DEBUG  ]  No samples found: fastp
[2019-05-24 12:01:06,283] multiqc.modules.fastqc.fastqc                      [INFO   ]  Found 20 reports
[2019-05-24 12:01:06,697] multiqc                                            [DEBUG  ]  No samples found: minionqc
[2019-05-24 12:01:06,700] multiqc                                            [DEBUG  ]  No samples found: clusterflow
[2019-05-24 12:01:06,703] multiqc                                            [DEBUG  ]  No samples found: bcl2fastq
[2019-05-24 12:01:06,706] multiqc                                            [DEBUG  ]  No samples found: interop
[2019-05-24 12:01:06,708] multiqc                                            [DEBUG  ]  No samples found: flash
[2019-05-24 12:01:06,733] multiqc                                            [INFO   ]  Compressing plot data
[2019-05-24 12:01:07,075] multiqc                                            [INFO   ]  Report      : multiqc_report.html
[2019-05-24 12:01:07,075] multiqc                                            [INFO   ]  Data        : multiqc_data
[2019-05-24 12:01:07,075] multiqc                                            [DEBUG  ]  Moving data file from '/tmp/tmp8qk5dqqd/multiqc_data/multiqc_general_stats.txt' to '/home/arnar/Documents/GitHub/GenomeAnalysis/fastqc_output/trim/paired/multiqc_data'
[2019-05-24 12:01:07,075] multiqc                                            [DEBUG  ]  Moving data file from '/tmp/tmp8qk5dqqd/multiqc_data/multiqc_data.json' to '/home/arnar/Documents/GitHub/GenomeAnalysis/fastqc_output/trim/paired/multiqc_data'
[2019-05-24 12:01:07,075] multiqc                                            [DEBUG  ]  Moving data file from '/tmp/tmp8qk5dqqd/multiqc_data/multiqc_fastqc.txt' to '/home/arnar/Documents/GitHub/GenomeAnalysis/fastqc_output/trim/paired/multiqc_data'
[2019-05-24 12:01:07,075] multiqc                                            [DEBUG  ]  Moving data file from '/tmp/tmp8qk5dqqd/multiqc_data/multiqc_sources.txt' to '/home/arnar/Documents/GitHub/GenomeAnalysis/fastqc_output/trim/paired/multiqc_data'
[2019-05-24 12:01:07,180] multiqc                                            [INFO   ]  MultiQC complete
